{"/usr/local/var/www/khalic-lab/schmock/packages/core/src/constants.ts": {"path":"/usr/local/var/www/khalic-lab/schmock/packages/core/src/constants.ts","statementMap":{"0":{"start":{"line":3,"column":36},"end":{"line":3,"column":null}},"1":{"start":{"line":5,"column":51},"end":{"line":13,"column":null}},"2":{"start":{"line":16,"column":2},"end":{"line":16,"column":null}},"3":{"start":{"line":20,"column":16},"end":{"line":20,"column":null}},"4":{"start":{"line":21,"column":2},"end":{"line":23,"column":null}},"5":{"start":{"line":22,"column":4},"end":{"line":22,"column":null}},"6":{"start":{"line":24,"column":2},"end":{"line":24,"column":null}}},"fnMap":{"0":{"name":"isHttpMethod","decl":{"start":{"line":15,"column":16},"end":{"line":15,"column":29}},"loc":{"start":{"line":15,"column":67},"end":{"line":17,"column":null}},"line":15},"1":{"name":"toHttpMethod","decl":{"start":{"line":19,"column":16},"end":{"line":19,"column":29}},"loc":{"start":{"line":19,"column":57},"end":{"line":25,"column":null}},"line":19}},"branchMap":{"0":{"loc":{"start":{"line":21,"column":2},"end":{"line":23,"column":null}},"type":"if","locations":[{"start":{"line":21,"column":2},"end":{"line":23,"column":null}},{"start":{},"end":{}}],"line":21}},"s":{"0":1,"1":1,"2":17,"3":7,"4":7,"5":2,"6":5},"f":{"0":17,"1":7},"b":{"0":[2,5]},"meta":{"lastBranch":1,"lastFunction":2,"lastStatement":7,"seen":{"s:3:36:3:Infinity":0,"s:5:51:13:Infinity":1,"f:15:16:15:29":0,"s:16:2:16:Infinity":2,"f:19:16:19:29":1,"s:20:16:20:Infinity":3,"b:21:2:23:Infinity:undefined:undefined:undefined:undefined":0,"s:21:2:23:Infinity":4,"s:22:4:22:Infinity":5,"s:24:2:24:Infinity":6}}}
}
