<?xml version="1.0" encoding="UTF-8"?>
<coverage generated="1770412300698" clover="3.2.0">
  <project timestamp="1770412300698" name="All files">
    <metrics statements="45" coveredstatements="42" conditionals="34" coveredconditionals="30" methods="12" coveredmethods="11" elements="91" coveredelements="83" complexity="0" loc="45" ncloc="45" packages="1" files="1" classes="1"/>
    <file name="index.ts" path="/usr/local/var/www/khalic-lab/schmock/packages/angular/src/index.ts">
      <metrics statements="45" coveredstatements="42" conditionals="34" coveredconditionals="30" methods="12" coveredmethods="11"/>
      <line num="72" count="11" type="stmt"/>
      <line num="73" count="11" type="cond" truecount="2" falsecount="0"/>
      <line num="75" count="1" type="stmt"/>
      <line num="76" count="1" type="stmt"/>
      <line num="78" count="1" type="stmt"/>
      <line num="79" count="2" type="stmt"/>
      <line num="82" count="1" type="stmt"/>
      <line num="89" count="11" type="stmt"/>
      <line num="90" count="11" type="cond" truecount="2" falsecount="0"/>
      <line num="97" count="11" type="stmt"/>
      <line num="99" count="11" type="stmt"/>
      <line num="100" count="0" type="stmt"/>
      <line num="101" count="0" type="cond" truecount="0" falsecount="2"/>
      <line num="102" count="0" type="stmt"/>
      <line num="106" count="11" type="stmt"/>
      <line num="122" count="14" type="stmt"/>
      <line num="125" count="14" type="stmt"/>
      <line num="131" count="12" type="cond" truecount="4" falsecount="0"/>
      <line num="132" count="1" type="stmt"/>
      <line num="136" count="11" type="stmt"/>
      <line num="137" count="11" type="stmt"/>
      <line num="139" count="11" type="stmt"/>
      <line num="148" count="11" type="cond" truecount="2" falsecount="0"/>
      <line num="149" count="1" type="stmt"/>
      <line num="150" count="1" type="stmt"/>
      <line num="159" count="11" type="stmt"/>
      <line num="162" count="11" type="stmt"/>
      <line num="169" count="8" type="cond" truecount="4" falsecount="0"/>
      <line num="171" count="2" type="stmt"/>
      <line num="172" count="6" type="cond" truecount="2" falsecount="0"/>
      <line num="174" count="1" type="stmt"/>
      <line num="184" count="5" type="stmt"/>
      <line num="185" count="5" type="cond" truecount="2" falsecount="0"/>
      <line num="186" count="1" type="stmt"/>
      <line num="190" count="5" type="stmt"/>
      <line num="198" count="5" type="stmt"/>
      <line num="199" count="5" type="stmt"/>
      <line num="206" count="3" type="cond" truecount="2" falsecount="0"/>
      <line num="207" count="1" type="stmt"/>
      <line num="209" count="2" type="stmt"/>
      <line num="218" count="3" type="stmt"/>
      <line num="228" count="11" type="stmt"/>
      <line num="229" count="11" type="stmt"/>
      <line num="235" count="14" type="stmt"/>
      <line num="245" count="2" type="stmt"/>
    </file>
  </project>
</coverage>
