{"/usr/local/var/www/khalic-lab/schmock/packages/angular/src/index.ts": {"path":"/usr/local/var/www/khalic-lab/schmock/packages/angular/src/index.ts","statementMap":{"0":{"start":{"line":72,"column":21},"end":{"line":72,"column":null}},"1":{"start":{"line":73,"column":2},"end":{"line":73,"column":null}},"2":{"start":{"line":73,"column":25},"end":{"line":73,"column":null}},"3":{"start":{"line":75,"column":17},"end":{"line":75,"column":null}},"4":{"start":{"line":76,"column":41},"end":{"line":76,"column":null}},"5":{"start":{"line":78,"column":2},"end":{"line":80,"column":null}},"6":{"start":{"line":79,"column":4},"end":{"line":79,"column":null}},"7":{"start":{"line":82,"column":2},"end":{"line":82,"column":null}},"8":{"start":{"line":89,"column":21},"end":{"line":89,"column":null}},"9":{"start":{"line":90,"column":2},"end":{"line":90,"column":null}},"10":{"start":{"line":97,"column":42},"end":{"line":97,"column":null}},"11":{"start":{"line":99,"column":2},"end":{"line":104,"column":null}},"12":{"start":{"line":100,"column":18},"end":{"line":100,"column":null}},"13":{"start":{"line":101,"column":4},"end":{"line":103,"column":null}},"14":{"start":{"line":102,"column":6},"end":{"line":102,"column":null}},"15":{"start":{"line":106,"column":2},"end":{"line":106,"column":null}},"16":{"start":{"line":122,"column":6},"end":{"line":122,"column":null}},"17":{"start":{"line":125,"column":2},"end":{"line":233,"column":null}},"18":{"start":{"line":131,"column":6},"end":{"line":133,"column":null}},"19":{"start":{"line":132,"column":8},"end":{"line":132,"column":null}},"20":{"start":{"line":136,"column":19},"end":{"line":136,"column":null}},"21":{"start":{"line":137,"column":20},"end":{"line":137,"column":null}},"22":{"start":{"line":139,"column":24},"end":{"line":145,"column":null}},"23":{"start":{"line":148,"column":6},"end":{"line":156,"column":null}},"24":{"start":{"line":149,"column":28},"end":{"line":149,"column":null}},"25":{"start":{"line":150,"column":8},"end":{"line":155,"column":null}},"26":{"start":{"line":159,"column":6},"end":{"line":231,"column":null}},"27":{"start":{"line":162,"column":8},"end":{"line":226,"column":null}},"28":{"start":{"line":169,"column":12},"end":{"line":200,"column":null}},"29":{"start":{"line":171,"column":14},"end":{"line":171,"column":null}},"30":{"start":{"line":172,"column":12},"end":{"line":200,"column":null}},"31":{"start":{"line":174,"column":14},"end":{"line":181,"column":null}},"32":{"start":{"line":184,"column":29},"end":{"line":184,"column":null}},"33":{"start":{"line":185,"column":14},"end":{"line":187,"column":null}},"34":{"start":{"line":186,"column":16},"end":{"line":186,"column":null}},"35":{"start":{"line":190,"column":35},"end":{"line":196,"column":null}},"36":{"start":{"line":198,"column":14},"end":{"line":198,"column":null}},"37":{"start":{"line":199,"column":14},"end":{"line":199,"column":null}},"38":{"start":{"line":206,"column":12},"end":{"line":216,"column":null}},"39":{"start":{"line":207,"column":14},"end":{"line":207,"column":null}},"40":{"start":{"line":209,"column":14},"end":{"line":215,"column":null}},"41":{"start":{"line":218,"column":12},"end":{"line":225,"column":null}},"42":{"start":{"line":228,"column":8},"end":{"line":230,"column":null}},"43":{"start":{"line":229,"column":10},"end":{"line":229,"column":null}},"44":{"start":{"line":125,"column":8},"end":{"line":125,"column":54}},"45":{"start":{"line":235,"column":2},"end":{"line":235,"column":null}},"46":{"start":{"line":245,"column":2},"end":{"line":249,"column":null}}},"fnMap":{"0":{"name":"extractQueryParams","decl":{"start":{"line":71,"column":9},"end":{"line":71,"column":28}},"loc":{"start":{"line":71,"column":65},"end":{"line":83,"column":null}},"line":71},"1":{"name":"(anonymous_1)","decl":{"start":{"line":78,"column":17},"end":{"line":78,"column":18}},"loc":{"start":{"line":78,"column":33},"end":{"line":80,"column":3}},"line":78},"2":{"name":"extractPath","decl":{"start":{"line":88,"column":9},"end":{"line":88,"column":21}},"loc":{"start":{"line":88,"column":42},"end":{"line":91,"column":null}},"line":88},"3":{"name":"headersToObject","decl":{"start":{"line":96,"column":9},"end":{"line":96,"column":25}},"loc":{"start":{"line":96,"column":76},"end":{"line":107,"column":null}},"line":96},"4":{"name":"(anonymous_4)","decl":{"start":{"line":99,"column":33},"end":{"line":99,"column":34}},"loc":{"start":{"line":99,"column":42},"end":{"line":104,"column":3}},"line":99},"5":{"name":"createSchmockInterceptor","decl":{"start":{"line":112,"column":16},"end":{"line":112,"column":null}},"loc":{"start":{"line":115,"column":29},"end":{"line":236,"column":null}},"line":115},"6":{"name":"(anonymous_6)","decl":{"start":{"line":126,"column":4},"end":{"line":126,"column":null}},"loc":{"start":{"line":129,"column":34},"end":{"line":232,"column":null}},"line":129},"7":{"name":"(anonymous_7)","decl":{"start":{"line":159,"column":44},"end":{"line":159,"column":45}},"loc":{"start":{"line":159,"column":58},"end":{"line":231,"column":7}},"line":159},"8":{"name":"(anonymous_8)","decl":{"start":{"line":168,"column":16},"end":{"line":168,"column":17}},"loc":{"start":{"line":168,"column":37},"end":{"line":201,"column":11}},"line":168},"9":{"name":"(anonymous_9)","decl":{"start":{"line":202,"column":17},"end":{"line":202,"column":18}},"loc":{"start":{"line":202,"column":33},"end":{"line":226,"column":11}},"line":202},"10":{"name":"(anonymous_10)","decl":{"start":{"line":228,"column":15},"end":{"line":228,"column":21}},"loc":{"start":{"line":228,"column":21},"end":{"line":230,"column":null}},"line":228},"11":{"name":"provideSchmockInterceptor","decl":{"start":{"line":241,"column":16},"end":{"line":241,"column":null}},"loc":{"start":{"line":244,"column":2},"end":{"line":250,"column":null}},"line":244}},"branchMap":{"0":{"loc":{"start":{"line":73,"column":2},"end":{"line":73,"column":null}},"type":"if","locations":[{"start":{"line":73,"column":2},"end":{"line":73,"column":null}},{"start":{},"end":{}}],"line":73},"1":{"loc":{"start":{"line":90,"column":9},"end":{"line":90,"column":null}},"type":"cond-expr","locations":[{"start":{"line":90,"column":29},"end":{"line":90,"column":35}},{"start":{"line":90,"column":35},"end":{"line":90,"column":null}}],"line":90},"2":{"loc":{"start":{"line":101,"column":4},"end":{"line":103,"column":null}},"type":"if","locations":[{"start":{"line":101,"column":4},"end":{"line":103,"column":null}},{"start":{},"end":{}}],"line":101},"3":{"loc":{"start":{"line":114,"column":2},"end":{"line":114,"column":null}},"type":"default-arg","locations":[{"start":{"line":114,"column":35},"end":{"line":114,"column":null}}],"line":114},"4":{"loc":{"start":{"line":118,"column":4},"end":{"line":118,"column":null}},"type":"default-arg","locations":[{"start":{"line":118,"column":18},"end":{"line":118,"column":null}}],"line":118},"5":{"loc":{"start":{"line":131,"column":6},"end":{"line":133,"column":null}},"type":"if","locations":[{"start":{"line":131,"column":6},"end":{"line":133,"column":null}},{"start":{},"end":{}}],"line":131},"6":{"loc":{"start":{"line":131,"column":10},"end":{"line":131,"column":51}},"type":"binary-expr","locations":[{"start":{"line":131,"column":10},"end":{"line":131,"column":21}},{"start":{"line":131,"column":21},"end":{"line":131,"column":51}}],"line":131},"7":{"loc":{"start":{"line":148,"column":6},"end":{"line":156,"column":null}},"type":"if","locations":[{"start":{"line":148,"column":6},"end":{"line":156,"column":null}},{"start":{},"end":{}}],"line":148},"8":{"loc":{"start":{"line":153,"column":19},"end":{"line":154,"column":null}},"type":"binary-expr","locations":[{"start":{"line":153,"column":19},"end":{"line":153,"column":null}},{"start":{"line":154,"column":12},"end":{"line":154,"column":null}}],"line":153},"9":{"loc":{"start":{"line":169,"column":12},"end":{"line":200,"column":null}},"type":"if","locations":[{"start":{"line":169,"column":12},"end":{"line":200,"column":null}},{"start":{"line":172,"column":12},"end":{"line":200,"column":null}}],"line":169},"10":{"loc":{"start":{"line":169,"column":16},"end":{"line":169,"column":49}},"type":"binary-expr","locations":[{"start":{"line":169,"column":16},"end":{"line":169,"column":36}},{"start":{"line":169,"column":36},"end":{"line":169,"column":49}}],"line":169},"11":{"loc":{"start":{"line":172,"column":12},"end":{"line":200,"column":null}},"type":"if","locations":[{"start":{"line":172,"column":12},"end":{"line":200,"column":null}},{"start":{"line":182,"column":19},"end":{"line":200,"column":null}}],"line":172},"12":{"loc":{"start":{"line":185,"column":14},"end":{"line":187,"column":null}},"type":"if","locations":[{"start":{"line":185,"column":14},"end":{"line":187,"column":null}},{"start":{},"end":{}}],"line":185},"13":{"loc":{"start":{"line":192,"column":24},"end":{"line":192,"column":null}},"type":"binary-expr","locations":[{"start":{"line":192,"column":24},"end":{"line":192,"column":43}},{"start":{"line":192,"column":43},"end":{"line":192,"column":null}}],"line":192},"14":{"loc":{"start":{"line":195,"column":41},"end":{"line":195,"column":63}},"type":"binary-expr","locations":[{"start":{"line":195,"column":41},"end":{"line":195,"column":61}},{"start":{"line":195,"column":61},"end":{"line":195,"column":63}}],"line":195},"15":{"loc":{"start":{"line":206,"column":12},"end":{"line":216,"column":null}},"type":"if","locations":[{"start":{"line":206,"column":12},"end":{"line":216,"column":null}},{"start":{"line":208,"column":19},"end":{"line":216,"column":null}}],"line":206},"16":{"loc":{"start":{"line":211,"column":18},"end":{"line":213,"column":null}},"type":"cond-expr","locations":[{"start":{"line":212,"column":22},"end":{"line":212,"column":null}},{"start":{"line":213,"column":22},"end":{"line":213,"column":null}}],"line":211},"17":{"loc":{"start":{"line":214,"column":23},"end":{"line":214,"column":null}},"type":"binary-expr","locations":[{"start":{"line":214,"column":23},"end":{"line":214,"column":45}},{"start":{"line":214,"column":45},"end":{"line":214,"column":null}}],"line":214}},"s":{"0":11,"1":11,"2":10,"3":1,"4":1,"5":1,"6":2,"7":1,"8":11,"9":11,"10":11,"11":11,"12":0,"13":0,"14":0,"15":11,"16":14,"17":14,"18":12,"19":1,"20":11,"21":11,"22":11,"23":11,"24":1,"25":1,"26":11,"27":11,"28":8,"29":2,"30":6,"31":1,"32":5,"33":5,"34":1,"35":5,"36":5,"37":5,"38":3,"39":1,"40":2,"41":3,"42":11,"43":11,"44":14,"45":14,"46":2},"f":{"0":11,"1":2,"2":11,"3":11,"4":0,"5":14,"6":12,"7":11,"8":8,"9":3,"10":11,"11":2},"b":{"0":[10,1],"1":[10,1],"2":[0,0],"3":[14],"4":[14],"5":[1,11],"6":[12,2],"7":[1,10],"8":[1,0],"9":[2,6],"10":[8,3],"11":[1,5],"12":[1,4],"13":[5,0],"14":[5,1],"15":[1,2],"16":[1,1],"17":[2,2]},"meta":{"lastBranch":18,"lastFunction":12,"lastStatement":47,"seen":{"f:71:9:71:28":0,"s:72:21:72:Infinity":0,"b:73:2:73:Infinity:undefined:undefined:undefined:undefined":0,"s:73:2:73:Infinity":1,"s:73:25:73:Infinity":2,"s:75:17:75:Infinity":3,"s:76:41:76:Infinity":4,"s:78:2:80:Infinity":5,"f:78:17:78:18":1,"s:79:4:79:Infinity":6,"s:82:2:82:Infinity":7,"f:88:9:88:21":2,"s:89:21:89:Infinity":8,"s:90:2:90:Infinity":9,"b:90:29:90:35:90:35:90:Infinity":1,"f:96:9:96:25":3,"s:97:42:97:Infinity":10,"s:99:2:104:Infinity":11,"f:99:33:99:34":4,"s:100:18:100:Infinity":12,"b:101:4:103:Infinity:undefined:undefined:undefined:undefined":2,"s:101:4:103:Infinity":13,"s:102:6:102:Infinity":14,"s:106:2:106:Infinity":15,"f:112:16:112:Infinity":5,"b:114:35:114:Infinity":3,"s:122:6:122:Infinity":16,"b:118:18:118:Infinity":4,"s:125:2:233:Infinity":17,"f:126:4:126:Infinity":6,"b:131:6:133:Infinity:undefined:undefined:undefined:undefined":5,"s:131:6:133:Infinity":18,"b:131:10:131:21:131:21:131:51":6,"s:132:8:132:Infinity":19,"s:136:19:136:Infinity":20,"s:137:20:137:Infinity":21,"s:139:24:145:Infinity":22,"b:148:6:156:Infinity:undefined:undefined:undefined:undefined":7,"s:148:6:156:Infinity":23,"s:149:28:149:Infinity":24,"s:150:8:155:Infinity":25,"b:153:19:153:Infinity:154:12:154:Infinity":8,"s:159:6:231:Infinity":26,"f:159:44:159:45":7,"s:162:8:226:Infinity":27,"f:168:16:168:17":8,"b:169:12:200:Infinity:172:12:200:Infinity":9,"s:169:12:200:Infinity":28,"b:169:16:169:36:169:36:169:49":10,"s:171:14:171:Infinity":29,"b:172:12:200:Infinity:182:19:200:Infinity":11,"s:172:12:200:Infinity":30,"s:174:14:181:Infinity":31,"s:184:29:184:Infinity":32,"b:185:14:187:Infinity:undefined:undefined:undefined:undefined":12,"s:185:14:187:Infinity":33,"s:186:16:186:Infinity":34,"s:190:35:196:Infinity":35,"b:192:24:192:43:192:43:192:Infinity":13,"b:195:41:195:61:195:61:195:63":14,"s:198:14:198:Infinity":36,"s:199:14:199:Infinity":37,"f:202:17:202:18":9,"b:206:12:216:Infinity:208:19:216:Infinity":15,"s:206:12:216:Infinity":38,"s:207:14:207:Infinity":39,"s:209:14:215:Infinity":40,"b:212:22:212:Infinity:213:22:213:Infinity":16,"b:214:23:214:45:214:45:214:Infinity":17,"s:218:12:225:Infinity":41,"s:228:8:230:Infinity":42,"f:228:15:228:21":10,"s:229:10:229:Infinity":43,"s:125:8:125:54":44,"s:235:2:235:Infinity":45,"f:241:16:241:Infinity":11,"s:245:2:249:Infinity":46}}}
}
