<?xml version="1.0" encoding="UTF-8"?>
<coverage generated="1770412257181" clover="3.2.0">
  <project timestamp="1770412257181" name="All files">
    <metrics statements="45" coveredstatements="45" conditionals="50" coveredconditionals="49" methods="7" coveredmethods="7" elements="102" coveredelements="101" complexity="0" loc="45" ncloc="45" packages="1" files="1" classes="1"/>
    <file name="index.ts" path="/usr/local/var/www/khalic-lab/schmock/packages/express/src/index.ts">
      <metrics statements="45" coveredstatements="45" conditionals="50" coveredconditionals="49" methods="7" coveredmethods="7"/>
      <line num="95" count="20" type="cond" truecount="2" falsecount="0"/>
      <line num="96" count="19" type="stmt"/>
      <line num="100" count="20" type="cond" truecount="1" falsecount="1"/>
      <line num="101" count="20" type="stmt"/>
      <line num="102" count="4" type="cond" truecount="2" falsecount="0"/>
      <line num="103" count="3" type="stmt"/>
      <line num="109" count="20" type="cond" truecount="2" falsecount="0"/>
      <line num="110" count="19" type="cond" truecount="2" falsecount="0"/>
      <line num="111" count="15" type="stmt"/>
      <line num="113" count="4" type="stmt"/>
      <line num="116" count="1" type="stmt"/>
      <line num="126" count="25" type="stmt"/>
      <line num="127" count="3" type="stmt"/>
      <line num="140" count="25" type="stmt"/>
      <line num="141" count="25" type="stmt"/>
      <line num="142" count="6" type="cond" truecount="2" falsecount="0"/>
      <line num="143" count="2" type="stmt"/>
      <line num="144" count="4" type="cond" truecount="2" falsecount="0"/>
      <line num="145" count="2" type="cond" truecount="2" falsecount="0"/>
      <line num="146" count="2" type="cond" truecount="2" falsecount="0"/>
      <line num="147" count="1" type="stmt"/>
      <line num="150" count="25" type="stmt"/>
      <line num="167" count="27" type="stmt"/>
      <line num="169" count="27" type="stmt"/>
      <line num="170" count="26" type="stmt"/>
      <line num="172" count="26" type="stmt"/>
      <line num="180" count="26" type="cond" truecount="2" falsecount="0"/>
      <line num="181" count="2" type="stmt"/>
      <line num="182" count="2" type="cond" truecount="2" falsecount="0"/>
      <line num="183" count="1" type="stmt"/>
      <line num="191" count="26" type="stmt"/>
      <line num="202" count="21" type="cond" truecount="2" falsecount="0"/>
      <line num="209" count="1" type="stmt"/>
      <line num="210" count="1" type="stmt"/>
      <line num="214" count="20" type="cond" truecount="2" falsecount="0"/>
      <line num="215" count="2" type="stmt"/>
      <line num="216" count="2" type="cond" truecount="2" falsecount="0"/>
      <line num="217" count="1" type="stmt"/>
      <line num="222" count="20" type="stmt"/>
      <line num="225" count="5" type="cond" truecount="4" falsecount="0"/>
      <line num="227" count="1" type="stmt"/>
      <line num="228" count="1" type="stmt"/>
      <line num="229" count="4" type="cond" truecount="2" falsecount="0"/>
      <line num="231" count="1" type="stmt"/>
      <line num="234" count="3" type="stmt"/>
    </file>
  </project>
</coverage>
