{"/usr/local/var/www/khalic-lab/schmock/packages/express/src/index.ts": {"path":"/usr/local/var/www/khalic-lab/schmock/packages/express/src/index.ts","statementMap":{"0":{"start":{"line":95,"column":2},"end":{"line":97,"column":null}},"1":{"start":{"line":96,"column":4},"end":{"line":96,"column":null}},"2":{"start":{"line":100,"column":2},"end":{"line":106,"column":null}},"3":{"start":{"line":101,"column":4},"end":{"line":105,"column":null}},"4":{"start":{"line":102,"column":6},"end":{"line":104,"column":null}},"5":{"start":{"line":103,"column":8},"end":{"line":103,"column":null}},"6":{"start":{"line":109,"column":2},"end":{"line":117,"column":null}},"7":{"start":{"line":110,"column":4},"end":{"line":114,"column":null}},"8":{"start":{"line":111,"column":6},"end":{"line":111,"column":null}},"9":{"start":{"line":113,"column":6},"end":{"line":113,"column":null}},"10":{"start":{"line":116,"column":4},"end":{"line":116,"column":null}},"11":{"start":{"line":126,"column":2},"end":{"line":131,"column":null}},"12":{"start":{"line":127,"column":50},"end":{"line":130,"column":5}},"13":{"start":{"line":140,"column":41},"end":{"line":140,"column":null}},"14":{"start":{"line":141,"column":2},"end":{"line":149,"column":null}},"15":{"start":{"line":142,"column":4},"end":{"line":148,"column":null}},"16":{"start":{"line":143,"column":6},"end":{"line":143,"column":null}},"17":{"start":{"line":144,"column":4},"end":{"line":148,"column":null}},"18":{"start":{"line":145,"column":6},"end":{"line":145,"column":null}},"19":{"start":{"line":146,"column":4},"end":{"line":148,"column":null}},"20":{"start":{"line":147,"column":6},"end":{"line":147,"column":null}},"21":{"start":{"line":150,"column":2},"end":{"line":150,"column":null}},"22":{"start":{"line":167,"column":6},"end":{"line":167,"column":null}},"23":{"start":{"line":169,"column":2},"end":{"line":244,"column":null}},"24":{"start":{"line":170,"column":4},"end":{"line":243,"column":null}},"25":{"start":{"line":172,"column":24},"end":{"line":178,"column":null}},"26":{"start":{"line":180,"column":6},"end":{"line":188,"column":null}},"27":{"start":{"line":181,"column":28},"end":{"line":181,"column":null}},"28":{"start":{"line":182,"column":8},"end":{"line":187,"column":null}},"29":{"start":{"line":183,"column":10},"end":{"line":186,"column":null}},"30":{"start":{"line":191,"column":28},"end":{"line":199,"column":null}},"31":{"start":{"line":202,"column":6},"end":{"line":211,"column":null}},"32":{"start":{"line":209,"column":8},"end":{"line":209,"column":null}},"33":{"start":{"line":210,"column":8},"end":{"line":210,"column":null}},"34":{"start":{"line":214,"column":6},"end":{"line":219,"column":null}},"35":{"start":{"line":215,"column":28},"end":{"line":215,"column":null}},"36":{"start":{"line":216,"column":8},"end":{"line":218,"column":null}},"37":{"start":{"line":217,"column":10},"end":{"line":217,"column":null}},"38":{"start":{"line":222,"column":6},"end":{"line":222,"column":null}},"39":{"start":{"line":225,"column":6},"end":{"line":242,"column":null}},"40":{"start":{"line":227,"column":26},"end":{"line":227,"column":null}},"41":{"start":{"line":228,"column":8},"end":{"line":228,"column":null}},"42":{"start":{"line":229,"column":6},"end":{"line":242,"column":null}},"43":{"start":{"line":231,"column":8},"end":{"line":231,"column":null}},"44":{"start":{"line":234,"column":8},"end":{"line":241,"column":null}}},"fnMap":{"0":{"name":"schmockToExpressResponse","decl":{"start":{"line":86,"column":9},"end":{"line":86,"column":null}},"loc":{"start":{"line":93,"column":8},"end":{"line":118,"column":null}},"line":93},"1":{"name":"(anonymous_1)","decl":{"start":{"line":101,"column":52},"end":{"line":101,"column":53}},"loc":{"start":{"line":101,"column":70},"end":{"line":105,"column":5}},"line":101},"2":{"name":"defaultTransformHeaders","decl":{"start":{"line":123,"column":9},"end":{"line":123,"column":null}},"loc":{"start":{"line":125,"column":26},"end":{"line":132,"column":null}},"line":125},"3":{"name":"(anonymous_3)","decl":{"start":{"line":127,"column":32},"end":{"line":127,"column":33}},"loc":{"start":{"line":127,"column":50},"end":{"line":130,"column":5}},"line":127},"4":{"name":"defaultTransformQuery","decl":{"start":{"line":137,"column":9},"end":{"line":137,"column":null}},"loc":{"start":{"line":139,"column":26},"end":{"line":151,"column":null}},"line":139},"5":{"name":"toExpress","decl":{"start":{"line":156,"column":16},"end":{"line":156,"column":null}},"loc":{"start":{"line":159,"column":18},"end":{"line":245,"column":null}},"line":159},"6":{"name":"(anonymous_6)","decl":{"start":{"line":169,"column":9},"end":{"line":169,"column":16}},"loc":{"start":{"line":169,"column":68},"end":{"line":244,"column":null}},"line":169}},"branchMap":{"0":{"loc":{"start":{"line":95,"column":2},"end":{"line":97,"column":null}},"type":"if","locations":[{"start":{"line":95,"column":2},"end":{"line":97,"column":null}},{"start":{},"end":{}}],"line":95},"1":{"loc":{"start":{"line":100,"column":2},"end":{"line":106,"column":null}},"type":"if","locations":[{"start":{"line":100,"column":2},"end":{"line":106,"column":null}},{"start":{},"end":{}}],"line":100},"2":{"loc":{"start":{"line":102,"column":6},"end":{"line":104,"column":null}},"type":"if","locations":[{"start":{"line":102,"column":6},"end":{"line":104,"column":null}},{"start":{},"end":{}}],"line":102},"3":{"loc":{"start":{"line":109,"column":2},"end":{"line":117,"column":null}},"type":"if","locations":[{"start":{"line":109,"column":2},"end":{"line":117,"column":null}},{"start":{"line":115,"column":9},"end":{"line":117,"column":null}}],"line":109},"4":{"loc":{"start":{"line":110,"column":4},"end":{"line":114,"column":null}},"type":"if","locations":[{"start":{"line":110,"column":4},"end":{"line":114,"column":null}},{"start":{"line":112,"column":11},"end":{"line":114,"column":null}}],"line":110},"5":{"loc":{"start":{"line":129,"column":6},"end":{"line":129,"column":null}},"type":"cond-expr","locations":[{"start":{"line":129,"column":29},"end":{"line":129,"column":40}},{"start":{"line":129,"column":40},"end":{"line":129,"column":null}}],"line":129},"6":{"loc":{"start":{"line":129,"column":40},"end":{"line":129,"column":null}},"type":"binary-expr","locations":[{"start":{"line":129,"column":40},"end":{"line":129,"column":49}},{"start":{"line":129,"column":49},"end":{"line":129,"column":null}}],"line":129},"7":{"loc":{"start":{"line":142,"column":4},"end":{"line":148,"column":null}},"type":"if","locations":[{"start":{"line":142,"column":4},"end":{"line":148,"column":null}},{"start":{"line":144,"column":4},"end":{"line":148,"column":null}}],"line":142},"8":{"loc":{"start":{"line":144,"column":4},"end":{"line":148,"column":null}},"type":"if","locations":[{"start":{"line":144,"column":4},"end":{"line":148,"column":null}},{"start":{"line":146,"column":4},"end":{"line":148,"column":null}}],"line":144},"9":{"loc":{"start":{"line":145,"column":20},"end":{"line":145,"column":null}},"type":"cond-expr","locations":[{"start":{"line":145,"column":31},"end":{"line":145,"column":50}},{"start":{"line":145,"column":50},"end":{"line":145,"column":null}}],"line":145},"10":{"loc":{"start":{"line":146,"column":4},"end":{"line":148,"column":null}},"type":"if","locations":[{"start":{"line":146,"column":4},"end":{"line":148,"column":null}},{"start":{},"end":{}}],"line":146},"11":{"loc":{"start":{"line":158,"column":2},"end":{"line":158,"column":null}},"type":"default-arg","locations":[{"start":{"line":158,"column":35},"end":{"line":158,"column":null}}],"line":158},"12":{"loc":{"start":{"line":162,"column":4},"end":{"line":162,"column":null}},"type":"default-arg","locations":[{"start":{"line":162,"column":23},"end":{"line":162,"column":null}}],"line":162},"13":{"loc":{"start":{"line":163,"column":4},"end":{"line":163,"column":null}},"type":"default-arg","locations":[{"start":{"line":163,"column":23},"end":{"line":163,"column":null}}],"line":163},"14":{"loc":{"start":{"line":164,"column":4},"end":{"line":164,"column":null}},"type":"default-arg","locations":[{"start":{"line":164,"column":21},"end":{"line":164,"column":null}}],"line":164},"15":{"loc":{"start":{"line":180,"column":6},"end":{"line":188,"column":null}},"type":"if","locations":[{"start":{"line":180,"column":6},"end":{"line":188,"column":null}},{"start":{},"end":{}}],"line":180},"16":{"loc":{"start":{"line":182,"column":8},"end":{"line":187,"column":null}},"type":"if","locations":[{"start":{"line":182,"column":8},"end":{"line":187,"column":null}},{"start":{},"end":{}}],"line":182},"17":{"loc":{"start":{"line":202,"column":6},"end":{"line":211,"column":null}},"type":"if","locations":[{"start":{"line":202,"column":6},"end":{"line":211,"column":null}},{"start":{},"end":{}}],"line":202},"18":{"loc":{"start":{"line":203,"column":8},"end":{"line":207,"column":null}},"type":"binary-expr","locations":[{"start":{"line":203,"column":8},"end":{"line":203,"column":null}},{"start":{"line":204,"column":8},"end":{"line":204,"column":null}},{"start":{"line":205,"column":8},"end":{"line":205,"column":null}},{"start":{"line":206,"column":9},"end":{"line":207,"column":null}}],"line":203},"19":{"loc":{"start":{"line":214,"column":6},"end":{"line":219,"column":null}},"type":"if","locations":[{"start":{"line":214,"column":6},"end":{"line":219,"column":null}},{"start":{},"end":{}}],"line":214},"20":{"loc":{"start":{"line":216,"column":8},"end":{"line":218,"column":null}},"type":"if","locations":[{"start":{"line":216,"column":8},"end":{"line":218,"column":null}},{"start":{},"end":{}}],"line":216},"21":{"loc":{"start":{"line":225,"column":6},"end":{"line":242,"column":null}},"type":"if","locations":[{"start":{"line":225,"column":6},"end":{"line":242,"column":null}},{"start":{"line":229,"column":6},"end":{"line":242,"column":null}}],"line":225},"22":{"loc":{"start":{"line":225,"column":10},"end":{"line":225,"column":59}},"type":"binary-expr","locations":[{"start":{"line":225,"column":10},"end":{"line":225,"column":43}},{"start":{"line":225,"column":43},"end":{"line":225,"column":59}}],"line":225},"23":{"loc":{"start":{"line":229,"column":6},"end":{"line":242,"column":null}},"type":"if","locations":[{"start":{"line":229,"column":6},"end":{"line":242,"column":null}},{"start":{"line":232,"column":13},"end":{"line":242,"column":null}}],"line":229},"24":{"loc":{"start":{"line":236,"column":12},"end":{"line":236,"column":null}},"type":"cond-expr","locations":[{"start":{"line":236,"column":37},"end":{"line":236,"column":53}},{"start":{"line":236,"column":53},"end":{"line":236,"column":null}}],"line":236},"25":{"loc":{"start":{"line":238,"column":12},"end":{"line":240,"column":null}},"type":"cond-expr","locations":[{"start":{"line":239,"column":17},"end":{"line":239,"column":null}},{"start":{"line":240,"column":16},"end":{"line":240,"column":null}}],"line":238}},"s":{"0":20,"1":19,"2":20,"3":20,"4":4,"5":3,"6":20,"7":19,"8":15,"9":4,"10":1,"11":25,"12":3,"13":25,"14":25,"15":6,"16":2,"17":4,"18":2,"19":2,"20":1,"21":25,"22":27,"23":27,"24":26,"25":26,"26":26,"27":2,"28":2,"29":1,"30":26,"31":21,"32":1,"33":1,"34":20,"35":2,"36":2,"37":1,"38":20,"39":5,"40":1,"41":1,"42":4,"43":1,"44":3},"f":{"0":20,"1":4,"2":25,"3":3,"4":25,"5":27,"6":26},"b":{"0":[19,1],"1":[20,0],"2":[3,1],"3":[19,1],"4":[15,4],"5":[1,2],"6":[2,1],"7":[2,4],"8":[2,2],"9":[1,1],"10":[1,1],"11":[27],"12":[27],"13":[27],"14":[27],"15":[2,24],"16":[1,1],"17":[1,20],"18":[21,4,3,2],"19":[2,18],"20":[1,1],"21":[1,4],"22":[5,2],"23":[1,3],"24":[2,1],"25":[1,2]},"meta":{"lastBranch":26,"lastFunction":7,"lastStatement":45,"seen":{"f:86:9:86:Infinity":0,"b:95:2:97:Infinity:undefined:undefined:undefined:undefined":0,"s:95:2:97:Infinity":0,"s:96:4:96:Infinity":1,"b:100:2:106:Infinity:undefined:undefined:undefined:undefined":1,"s:100:2:106:Infinity":2,"s:101:4:105:Infinity":3,"f:101:52:101:53":1,"b:102:6:104:Infinity:undefined:undefined:undefined:undefined":2,"s:102:6:104:Infinity":4,"s:103:8:103:Infinity":5,"b:109:2:117:Infinity:115:9:117:Infinity":3,"s:109:2:117:Infinity":6,"b:110:4:114:Infinity:112:11:114:Infinity":4,"s:110:4:114:Infinity":7,"s:111:6:111:Infinity":8,"s:113:6:113:Infinity":9,"s:116:4:116:Infinity":10,"f:123:9:123:Infinity":2,"s:126:2:131:Infinity":11,"f:127:32:127:33":3,"s:127:50:130:5":12,"b:129:29:129:40:129:40:129:Infinity":5,"b:129:40:129:49:129:49:129:Infinity":6,"f:137:9:137:Infinity":4,"s:140:41:140:Infinity":13,"s:141:2:149:Infinity":14,"b:142:4:148:Infinity:144:4:148:Infinity":7,"s:142:4:148:Infinity":15,"s:143:6:143:Infinity":16,"b:144:4:148:Infinity:146:4:148:Infinity":8,"s:144:4:148:Infinity":17,"s:145:6:145:Infinity":18,"b:145:31:145:50:145:50:145:Infinity":9,"b:146:4:148:Infinity:undefined:undefined:undefined:undefined":10,"s:146:4:148:Infinity":19,"s:147:6:147:Infinity":20,"s:150:2:150:Infinity":21,"f:156:16:156:Infinity":5,"b:158:35:158:Infinity":11,"s:167:6:167:Infinity":22,"b:162:23:162:Infinity":12,"b:163:23:163:Infinity":13,"b:164:21:164:Infinity":14,"s:169:2:244:Infinity":23,"f:169:9:169:16":6,"s:170:4:243:Infinity":24,"s:172:24:178:Infinity":25,"b:180:6:188:Infinity:undefined:undefined:undefined:undefined":15,"s:180:6:188:Infinity":26,"s:181:28:181:Infinity":27,"b:182:8:187:Infinity:undefined:undefined:undefined:undefined":16,"s:182:8:187:Infinity":28,"s:183:10:186:Infinity":29,"s:191:28:199:Infinity":30,"b:202:6:211:Infinity:undefined:undefined:undefined:undefined":17,"s:202:6:211:Infinity":31,"b:203:8:203:Infinity:204:8:204:Infinity:205:8:205:Infinity:206:9:207:Infinity":18,"s:209:8:209:Infinity":32,"s:210:8:210:Infinity":33,"b:214:6:219:Infinity:undefined:undefined:undefined:undefined":19,"s:214:6:219:Infinity":34,"s:215:28:215:Infinity":35,"b:216:8:218:Infinity:undefined:undefined:undefined:undefined":20,"s:216:8:218:Infinity":36,"s:217:10:217:Infinity":37,"s:222:6:222:Infinity":38,"b:225:6:242:Infinity:229:6:242:Infinity":21,"s:225:6:242:Infinity":39,"b:225:10:225:43:225:43:225:59":22,"s:227:26:227:Infinity":40,"s:228:8:228:Infinity":41,"b:229:6:242:Infinity:232:13:242:Infinity":23,"s:229:6:242:Infinity":42,"s:231:8:231:Infinity":43,"s:234:8:241:Infinity":44,"b:236:37:236:53:236:53:236:Infinity":24,"b:239:17:239:Infinity:240:16:240:Infinity":25}}}
}
