<?xml version="1.0" encoding="UTF-8"?>
<coverage generated="1770412034271" clover="3.2.0">
  <project timestamp="1770412034271" name="All files">
    <metrics statements="257" coveredstatements="240" conditionals="314" coveredconditionals="276" methods="22" coveredmethods="22" elements="593" coveredelements="538" complexity="0" loc="257" ncloc="257" packages="1" files="1" classes="1"/>
    <file name="index.ts" path="/usr/local/var/www/khalic-lab/schmock/packages/schema/src/index.ts">
      <metrics statements="257" coveredstatements="240" conditionals="314" coveredconditionals="276" methods="22" coveredmethods="22"/>
      <line num="18" count="33" type="stmt"/>
      <line num="21" count="8" type="stmt"/>
      <line num="24" count="11625" type="cond" truecount="2" falsecount="0"/>
      <line num="25" count="8" type="stmt"/>
      <line num="26" count="8" type="stmt"/>
      <line num="34" count="8" type="stmt"/>
      <line num="36" count="11625" type="stmt"/>
      <line num="40" count="8" type="stmt"/>
      <line num="41" count="8" type="stmt"/>
      <line num="42" count="8" type="stmt"/>
      <line num="43" count="8" type="stmt"/>
      <line num="44" count="8" type="stmt"/>
      <line num="63" count="42" type="stmt"/>
      <line num="65" count="42" type="stmt"/>
      <line num="71" count="95" type="cond" truecount="4" falsecount="0"/>
      <line num="72" count="2" type="stmt"/>
      <line num="75" count="93" type="stmt"/>
      <line num="76" count="93" type="stmt"/>
      <line num="85" count="93" type="stmt"/>
      <line num="91" count="2" type="cond" truecount="1" falsecount="1"/>
      <line num="95" count="0" type="stmt"/>
      <line num="99" count="2" type="stmt"/>
      <line num="110" count="3378" type="stmt"/>
      <line num="113" count="3378" type="stmt"/>
      <line num="118" count="3378" type="cond" truecount="4" falsecount="0"/>
      <line num="119" count="62" type="stmt"/>
      <line num="122" count="62" type="cond" truecount="2" falsecount="0"/>
      <line num="123" count="1" type="stmt"/>
      <line num="126" count="61" type="cond" truecount="2" falsecount="0"/>
      <line num="130" count="62" type="cond" truecount="1" falsecount="1"/>
      <line num="131" count="0" type="stmt"/>
      <line num="137" count="61" type="stmt"/>
      <line num="138" count="61" type="stmt"/>
      <line num="139" count="8443" type="stmt"/>
      <line num="142" count="8443" type="stmt"/>
      <line num="143" count="8443" type="stmt"/>
      <line num="147" count="3182" type="stmt"/>
      <line num="148" count="3182" type="stmt"/>
      <line num="149" count="3182" type="stmt"/>
      <line num="152" count="3235" type="stmt"/>
      <line num="165" count="11357" type="cond" truecount="4" falsecount="0"/>
      <line num="166" count="6" type="stmt"/>
      <line num="172" count="11351" type="cond" truecount="2" falsecount="0"/>
      <line num="173" count="5" type="stmt"/>
      <line num="177" count="11346" type="cond" truecount="2" falsecount="0"/>
      <line num="189" count="110" type="stmt"/>
      <line num="197" count="11236" type="cond" truecount="4" falsecount="0"/>
      <line num="198" count="3377" type="cond" truecount="2" falsecount="0"/>
      <line num="202" count="3" type="stmt"/>
      <line num="210" count="3374" type="stmt"/>
      <line num="211" count="7769" type="cond" truecount="3" falsecount="1"/>
      <line num="213" count="7769" type="cond" truecount="2" falsecount="0"/>
      <line num="214" count="14" type="stmt"/>
      <line num="215" count="14" type="stmt"/>
      <line num="218" count="3" type="cond" truecount="1" falsecount="1"/>
      <line num="219" count="3" type="stmt"/>
      <line num="222" count="3" type="stmt"/>
      <line num="228" count="0" type="stmt"/>
      <line num="231" count="7766" type="stmt"/>
      <line num="240" count="11208" type="cond" truecount="2" falsecount="0"/>
      <line num="242" count="172" type="cond" truecount="4" falsecount="0"/>
      <line num="243" count="3" type="stmt"/>
      <line num="250" count="169" type="cond" truecount="2" falsecount="0"/>
      <line num="251" count="1" type="cond" truecount="1" falsecount="1"/>
      <line num="252" count="0" type="stmt"/>
      <line num="258" count="1" type="stmt"/>
      <line num="259" count="3" type="cond" truecount="3" falsecount="1"/>
      <line num="260" count="3" type="stmt"/>
      <line num="263" count="168" type="cond" truecount="3" falsecount="1"/>
      <line num="264" count="168" type="stmt"/>
      <line num="269" count="11204" type="cond" truecount="2" falsecount="0"/>
      <line num="270" count="2" type="stmt"/>
      <line num="277" count="11202" type="stmt"/>
      <line num="278" count="11202" type="cond" truecount="2" falsecount="0"/>
      <line num="279" count="2" type="stmt"/>
      <line num="287" count="11200" type="cond" truecount="2" falsecount="0"/>
      <line num="288" count="33" type="stmt"/>
      <line num="292" count="11199" type="stmt"/>
      <line num="295" count="11199" type="cond" truecount="1" falsecount="1"/>
      <line num="296" count="0" type="stmt"/>
      <line num="318" count="20176" type="cond" truecount="1" falsecount="1"/>
      <line num="319" count="0" type="stmt"/>
      <line num="322" count="20176" type="cond" truecount="2" falsecount="0"/>
      <line num="323" count="2" type="stmt"/>
      <line num="327" count="20174" type="stmt"/>
      <line num="329" count="20174" type="cond" truecount="4" falsecount="0"/>
      <line num="330" count="3702" type="stmt"/>
      <line num="331" count="8672" type="cond" truecount="3" falsecount="1"/>
      <line num="332" count="8672" type="cond" truecount="1" falsecount="1"/>
      <line num="333" count="0" type="stmt"/>
      <line num="339" count="20174" type="cond" truecount="4" falsecount="0"/>
      <line num="340" count="298" type="cond" truecount="2" falsecount="0"/>
      <line num="341" count="298" type="stmt"/>
      <line num="342" count="300" type="cond" truecount="3" falsecount="1"/>
      <line num="343" count="300" type="cond" truecount="1" falsecount="1"/>
      <line num="344" count="0" type="stmt"/>
      <line num="351" count="20174" type="stmt"/>
      <line num="353" count="20174" type="stmt"/>
      <line num="364" count="21243" type="cond" truecount="2" falsecount="0"/>
      <line num="365" count="2" type="stmt"/>
      <line num="368" count="21241" type="stmt"/>
      <line num="370" count="21241" type="cond" truecount="4" falsecount="0"/>
      <line num="371" count="3821" type="stmt"/>
      <line num="372" count="9129" type="cond" truecount="3" falsecount="1"/>
      <line num="373" count="9129" type="stmt"/>
      <line num="381" count="21241" type="cond" truecount="4" falsecount="0"/>
      <line num="382" count="615" type="cond" truecount="2" falsecount="0"/>
      <line num="383" count="615" type="stmt"/>
      <line num="384" count="619" type="cond" truecount="3" falsecount="1"/>
      <line num="385" count="619" type="stmt"/>
      <line num="393" count="21241" type="stmt"/>
      <line num="412" count="294" type="stmt"/>
      <line num="413" count="294" type="cond" truecount="1" falsecount="1"/>
      <line num="417" count="294" type="cond" truecount="2" falsecount="0"/>
      <line num="418" count="27" type="cond" truecount="2" falsecount="0"/>
      <line num="420" count="27" type="cond" truecount="2" falsecount="0"/>
      <line num="424" count="1" type="stmt"/>
      <line num="432" count="26" type="cond" truecount="1" falsecount="1"/>
      <line num="433" count="26" type="cond" truecount="1" falsecount="1"/>
      <line num="436" count="26" type="stmt"/>
      <line num="437" count="26" type="cond" truecount="3" falsecount="1"/>
      <line num="438" count="26" type="cond" truecount="2" falsecount="0"/>
      <line num="441" count="12" type="stmt"/>
      <line num="447" count="14" type="stmt"/>
      <line num="450" count="267" type="cond" truecount="4" falsecount="0"/>
      <line num="451" count="158" type="stmt"/>
      <line num="452" count="235" type="cond" truecount="3" falsecount="1"/>
      <line num="453" count="235" type="cond" truecount="2" falsecount="0"/>
      <line num="454" count="28" type="stmt"/>
      <line num="460" count="236" type="stmt"/>
      <line num="463" count="33" type="stmt"/>
      <line num="468" count="20139" type="cond" truecount="2" falsecount="0"/>
      <line num="470" count="295" type="cond" truecount="4" falsecount="0"/>
      <line num="471" count="2" type="stmt"/>
      <line num="479" count="293" type="stmt"/>
      <line num="481" count="293" type="cond" truecount="3" falsecount="0"/>
      <line num="484" count="295" type="cond" truecount="2" falsecount="0"/>
      <line num="488" count="1" type="stmt"/>
      <line num="497" count="20136" type="cond" truecount="4" falsecount="0"/>
      <line num="498" count="3676" type="stmt"/>
      <line num="499" count="8646" type="cond" truecount="3" falsecount="1"/>
      <line num="500" count="8646" type="stmt"/>
      <line num="508" count="20136" type="cond" truecount="4" falsecount="0"/>
      <line num="509" count="292" type="cond" truecount="2" falsecount="0"/>
      <line num="510" count="1" type="stmt"/>
      <line num="511" count="3" type="cond" truecount="3" falsecount="1"/>
      <line num="512" count="3" type="stmt"/>
      <line num="515" count="291" type="cond" truecount="3" falsecount="1"/>
      <line num="516" count="291" type="stmt"/>
      <line num="532" count="62" type="cond" truecount="2" falsecount="0"/>
      <line num="534" count="6" type="cond" truecount="1" falsecount="1"/>
      <line num="535" count="0" type="stmt"/>
      <line num="537" count="6" type="stmt"/>
      <line num="540" count="56" type="cond" truecount="4" falsecount="0"/>
      <line num="541" count="53" type="stmt"/>
      <line num="547" count="3" type="cond" truecount="2" falsecount="0"/>
      <line num="548" count="1" type="stmt"/>
      <line num="551" count="2" type="cond" truecount="2" falsecount="0"/>
      <line num="552" count="1" type="stmt"/>
      <line num="555" count="1" type="stmt"/>
      <line num="575" count="11617" type="cond" truecount="2" falsecount="0"/>
      <line num="577" count="35" type="stmt"/>
      <line num="579" count="35" type="stmt"/>
      <line num="581" count="75" type="cond" truecount="2" falsecount="0"/>
      <line num="582" count="9" type="stmt"/>
      <line num="585" count="66" type="cond" truecount="1" falsecount="1"/>
      <line num="591" count="0" type="cond" truecount="0" falsecount="4"/>
      <line num="592" count="0" type="stmt"/>
      <line num="600" count="0" type="stmt"/>
      <line num="602" count="66" type="cond" truecount="4" falsecount="0"/>
      <line num="604" count="57" type="stmt"/>
      <line num="606" count="9" type="stmt"/>
      <line num="611" count="35" type="stmt"/>
      <line num="624" count="9" type="stmt"/>
      <line num="625" count="9" type="stmt"/>
      <line num="628" count="9" type="stmt"/>
      <line num="629" count="9" type="stmt"/>
      <line num="630" count="9" type="cond" truecount="1" falsecount="1"/>
      <line num="635" count="0" type="stmt"/>
      <line num="637" count="9" type="stmt"/>
      <line num="641" count="9" type="stmt"/>
      <line num="642" count="9" type="cond" truecount="4" falsecount="0"/>
      <line num="643" count="8" type="stmt"/>
      <line num="645" count="1" type="stmt"/>
      <line num="658" count="65" type="stmt"/>
      <line num="659" count="65" type="cond" truecount="2" falsecount="0"/>
      <line num="661" count="60" type="stmt"/>
      <line num="662" count="60" type="stmt"/>
      <line num="663" count="60" type="stmt"/>
      <line num="665" count="60" type="stmt"/>
      <line num="666" count="132" type="cond" truecount="4" falsecount="0"/>
      <line num="667" count="129" type="stmt"/>
      <line num="669" count="3" type="stmt"/>
      <line num="673" count="57" type="cond" truecount="2" falsecount="0"/>
      <line num="677" count="5" type="stmt"/>
      <line num="680" count="6" type="stmt"/>
      <line num="681" count="6" type="stmt"/>
      <line num="683" count="6" type="stmt"/>
      <line num="684" count="12" type="cond" truecount="3" falsecount="1"/>
      <line num="685" count="12" type="stmt"/>
      <line num="687" count="0" type="stmt"/>
      <line num="691" count="6" type="cond" truecount="1" falsecount="1"/>
      <line num="695" count="5" type="stmt"/>
      <line num="706" count="25" type="stmt"/>
      <line num="707" count="25" type="cond" truecount="1" falsecount="1"/>
      <line num="708" count="0" type="stmt"/>
      <line num="716" count="25" type="stmt"/>
      <line num="717" count="25" type="stmt"/>
      <line num="718" count="25" type="stmt"/>
      <line num="719" count="47" type="cond" truecount="5" falsecount="0"/>
      <line num="720" count="44" type="stmt"/>
      <line num="722" count="3" type="stmt"/>
      <line num="729" count="22" type="cond" truecount="1" falsecount="1"/>
      <line num="730" count="0" type="stmt"/>
      <line num="739" count="11625" type="cond" truecount="3" falsecount="1"/>
      <line num="740" count="0" type="stmt"/>
      <line num="743" count="11625" type="stmt"/>
      <line num="746" count="11625" type="cond" truecount="4" falsecount="0"/>
      <line num="747" count="4303" type="stmt"/>
      <line num="749" count="4303" type="stmt"/>
      <line num="752" count="9873" type="cond" truecount="3" falsecount="1"/>
      <line num="753" count="9873" type="stmt"/>
      <line num="761" count="11625" type="stmt"/>
      <line num="768" count="9873" type="stmt"/>
      <line num="771" count="9873" type="cond" truecount="2" falsecount="0"/>
      <line num="772" count="11" type="stmt"/>
      <line num="773" count="11" type="stmt"/>
      <line num="777" count="9862" type="stmt"/>
      <line num="780" count="9862" type="cond" truecount="2" falsecount="0"/>
      <line num="781" count="452" type="stmt"/>
      <line num="782" count="452" type="stmt"/>
      <line num="783" count="9410" type="cond" truecount="2" falsecount="0"/>
      <line num="786" count="224" type="stmt"/>
      <line num="787" count="9186" type="cond" truecount="4" falsecount="0"/>
      <line num="788" count="214" type="stmt"/>
      <line num="789" count="8972" type="cond" truecount="4" falsecount="0"/>
      <line num="790" count="1320" type="stmt"/>
      <line num="791" count="7652" type="cond" truecount="2" falsecount="0"/>
      <line num="794" count="68" type="stmt"/>
      <line num="795" count="7584" type="cond" truecount="2" falsecount="0"/>
      <line num="798" count="31" type="stmt"/>
      <line num="799" count="7553" type="cond" truecount="2" falsecount="0"/>
      <line num="800" count="31" type="stmt"/>
      <line num="801" count="7522" type="cond" truecount="4" falsecount="0"/>
      <line num="802" count="31" type="stmt"/>
      <line num="803" count="7491" type="cond" truecount="2" falsecount="0"/>
      <line num="809" count="308" type="stmt"/>
      <line num="810" count="7183" type="cond" truecount="2" falsecount="0"/>
      <line num="818" count="172" type="stmt"/>
      <line num="819" count="172" type="stmt"/>
      <line num="820" count="7011" type="cond" truecount="2" falsecount="0"/>
      <line num="823" count="1" type="stmt"/>
      <line num="824" count="7010" type="cond" truecount="4" falsecount="0"/>
      <line num="825" count="1" type="stmt"/>
      <line num="826" count="7009" type="cond" truecount="2" falsecount="0"/>
      <line num="829" count="3" type="stmt"/>
      <line num="832" count="9862" type="stmt"/>
    </file>
  </project>
</coverage>
