{"/usr/local/var/www/khalic-lab/schmock/packages/schema/src/index.ts": {"path":"/usr/local/var/www/khalic-lab/schmock/packages/schema/src/index.ts","statementMap":{"0":{"start":{"line":18,"column":2},"end":{"line":18,"column":null}},"1":{"start":{"line":21,"column":20},"end":{"line":21,"column":null}},"2":{"start":{"line":24,"column":2},"end":{"line":35,"column":null}},"3":{"start":{"line":25,"column":4},"end":{"line":25,"column":null}},"4":{"start":{"line":25,"column":30},"end":{"line":25,"column":51}},"5":{"start":{"line":26,"column":4},"end":{"line":33,"column":null}},"6":{"start":{"line":34,"column":4},"end":{"line":34,"column":null}},"7":{"start":{"line":36,"column":2},"end":{"line":36,"column":null}},"8":{"start":{"line":40,"column":23},"end":{"line":40,"column":null}},"9":{"start":{"line":41,"column":26},"end":{"line":41,"column":null}},"10":{"start":{"line":42,"column":28},"end":{"line":42,"column":null}},"11":{"start":{"line":43,"column":31},"end":{"line":43,"column":null}},"12":{"start":{"line":44,"column":30},"end":{"line":44,"column":null}},"13":{"start":{"line":63,"column":2},"end":{"line":63,"column":null}},"14":{"start":{"line":65,"column":2},"end":{"line":106,"column":null}},"15":{"start":{"line":71,"column":6},"end":{"line":73,"column":null}},"16":{"start":{"line":72,"column":8},"end":{"line":72,"column":null}},"17":{"start":{"line":75,"column":6},"end":{"line":104,"column":null}},"18":{"start":{"line":76,"column":34},"end":{"line":83,"column":null}},"19":{"start":{"line":85,"column":8},"end":{"line":88,"column":null}},"20":{"start":{"line":91,"column":8},"end":{"line":96,"column":null}},"21":{"start":{"line":95,"column":10},"end":{"line":95,"column":null}},"22":{"start":{"line":99,"column":8},"end":{"line":103,"column":null}},"23":{"start":{"line":110,"column":61},"end":{"line":110,"column":null}},"24":{"start":{"line":113,"column":2},"end":{"line":113,"column":null}},"25":{"start":{"line":118,"column":2},"end":{"line":150,"column":null}},"26":{"start":{"line":119,"column":22},"end":{"line":119,"column":null}},"27":{"start":{"line":122,"column":4},"end":{"line":124,"column":null}},"28":{"start":{"line":123,"column":6},"end":{"line":123,"column":null}},"29":{"start":{"line":126,"column":23},"end":{"line":128,"column":null}},"30":{"start":{"line":130,"column":4},"end":{"line":135,"column":null}},"31":{"start":{"line":131,"column":6},"end":{"line":134,"column":null}},"32":{"start":{"line":137,"column":4},"end":{"line":137,"column":null}},"33":{"start":{"line":138,"column":4},"end":{"line":144,"column":null}},"34":{"start":{"line":138,"column":17},"end":{"line":138,"column":20}},"35":{"start":{"line":139,"column":17},"end":{"line":141,"column":null}},"36":{"start":{"line":142,"column":6},"end":{"line":142,"column":null}},"37":{"start":{"line":143,"column":6},"end":{"line":143,"column":null}},"38":{"start":{"line":147,"column":27},"end":{"line":147,"column":null}},"39":{"start":{"line":148,"column":4},"end":{"line":148,"column":null}},"40":{"start":{"line":149,"column":4},"end":{"line":149,"column":null}},"41":{"start":{"line":152,"column":2},"end":{"line":152,"column":null}},"42":{"start":{"line":165,"column":2},"end":{"line":170,"column":null}},"43":{"start":{"line":166,"column":4},"end":{"line":169,"column":null}},"44":{"start":{"line":172,"column":2},"end":{"line":174,"column":null}},"45":{"start":{"line":173,"column":4},"end":{"line":173,"column":null}},"46":{"start":{"line":177,"column":2},"end":{"line":194,"column":null}},"47":{"start":{"line":189,"column":4},"end":{"line":193,"column":null}},"48":{"start":{"line":197,"column":2},"end":{"line":237,"column":null}},"49":{"start":{"line":198,"column":4},"end":{"line":207,"column":null}},"50":{"start":{"line":202,"column":6},"end":{"line":206,"column":null}},"51":{"start":{"line":210,"column":4},"end":{"line":236,"column":null}},"52":{"start":{"line":211,"column":6},"end":{"line":235,"column":null}},"53":{"start":{"line":213,"column":8},"end":{"line":230,"column":null}},"54":{"start":{"line":214,"column":10},"end":{"line":229,"column":null}},"55":{"start":{"line":215,"column":12},"end":{"line":215,"column":null}},"56":{"start":{"line":218,"column":12},"end":{"line":227,"column":null}},"57":{"start":{"line":219,"column":30},"end":{"line":219,"column":null}},"58":{"start":{"line":222,"column":14},"end":{"line":226,"column":null}},"59":{"start":{"line":228,"column":12},"end":{"line":228,"column":null}},"60":{"start":{"line":231,"column":8},"end":{"line":234,"column":null}},"61":{"start":{"line":240,"column":2},"end":{"line":266,"column":null}},"62":{"start":{"line":242,"column":4},"end":{"line":248,"column":null}},"63":{"start":{"line":243,"column":6},"end":{"line":247,"column":null}},"64":{"start":{"line":250,"column":4},"end":{"line":265,"column":null}},"65":{"start":{"line":251,"column":6},"end":{"line":257,"column":null}},"66":{"start":{"line":252,"column":8},"end":{"line":256,"column":null}},"67":{"start":{"line":258,"column":6},"end":{"line":262,"column":null}},"68":{"start":{"line":259,"column":8},"end":{"line":261,"column":null}},"69":{"start":{"line":260,"column":10},"end":{"line":260,"column":null}},"70":{"start":{"line":263,"column":4},"end":{"line":265,"column":null}},"71":{"start":{"line":264,"column":6},"end":{"line":264,"column":null}},"72":{"start":{"line":269,"column":2},"end":{"line":274,"column":null}},"73":{"start":{"line":270,"column":4},"end":{"line":273,"column":null}},"74":{"start":{"line":277,"column":16},"end":{"line":277,"column":null}},"75":{"start":{"line":278,"column":2},"end":{"line":284,"column":null}},"76":{"start":{"line":279,"column":4},"end":{"line":283,"column":null}},"77":{"start":{"line":287,"column":2},"end":{"line":289,"column":null}},"78":{"start":{"line":288,"column":4},"end":{"line":288,"column":null}},"79":{"start":{"line":292,"column":2},"end":{"line":292,"column":null}},"80":{"start":{"line":295,"column":2},"end":{"line":300,"column":null}},"81":{"start":{"line":296,"column":4},"end":{"line":299,"column":null}},"82":{"start":{"line":318,"column":2},"end":{"line":320,"column":null}},"83":{"start":{"line":319,"column":4},"end":{"line":319,"column":null}},"84":{"start":{"line":322,"column":2},"end":{"line":324,"column":null}},"85":{"start":{"line":323,"column":4},"end":{"line":323,"column":null}},"86":{"start":{"line":327,"column":2},"end":{"line":327,"column":null}},"87":{"start":{"line":329,"column":2},"end":{"line":337,"column":null}},"88":{"start":{"line":330,"column":4},"end":{"line":336,"column":null}},"89":{"start":{"line":331,"column":6},"end":{"line":335,"column":null}},"90":{"start":{"line":332,"column":8},"end":{"line":334,"column":null}},"91":{"start":{"line":333,"column":10},"end":{"line":333,"column":null}},"92":{"start":{"line":339,"column":2},"end":{"line":348,"column":null}},"93":{"start":{"line":340,"column":18},"end":{"line":340,"column":null}},"94":{"start":{"line":341,"column":4},"end":{"line":347,"column":null}},"95":{"start":{"line":342,"column":6},"end":{"line":346,"column":null}},"96":{"start":{"line":343,"column":8},"end":{"line":345,"column":null}},"97":{"start":{"line":344,"column":10},"end":{"line":344,"column":null}},"98":{"start":{"line":351,"column":2},"end":{"line":351,"column":null}},"99":{"start":{"line":353,"column":2},"end":{"line":353,"column":null}},"100":{"start":{"line":364,"column":2},"end":{"line":366,"column":null}},"101":{"start":{"line":365,"column":4},"end":{"line":365,"column":null}},"102":{"start":{"line":368,"column":17},"end":{"line":368,"column":null}},"103":{"start":{"line":370,"column":2},"end":{"line":379,"column":null}},"104":{"start":{"line":371,"column":4},"end":{"line":378,"column":null}},"105":{"start":{"line":372,"column":6},"end":{"line":377,"column":null}},"106":{"start":{"line":373,"column":8},"end":{"line":376,"column":null}},"107":{"start":{"line":381,"column":2},"end":{"line":391,"column":null}},"108":{"start":{"line":382,"column":18},"end":{"line":382,"column":null}},"109":{"start":{"line":383,"column":4},"end":{"line":390,"column":null}},"110":{"start":{"line":384,"column":6},"end":{"line":389,"column":null}},"111":{"start":{"line":385,"column":8},"end":{"line":388,"column":null}},"112":{"start":{"line":393,"column":2},"end":{"line":393,"column":null}},"113":{"start":{"line":412,"column":23},"end":{"line":412,"column":null}},"114":{"start":{"line":413,"column":20},"end":{"line":415,"column":null}},"115":{"start":{"line":417,"column":4},"end":{"line":448,"column":null}},"116":{"start":{"line":418,"column":23},"end":{"line":418,"column":null}},"117":{"start":{"line":420,"column":6},"end":{"line":429,"column":null}},"118":{"start":{"line":424,"column":8},"end":{"line":428,"column":null}},"119":{"start":{"line":432,"column":6},"end":{"line":445,"column":null}},"120":{"start":{"line":433,"column":22},"end":{"line":435,"column":null}},"121":{"start":{"line":436,"column":8},"end":{"line":444,"column":null}},"122":{"start":{"line":437,"column":10},"end":{"line":443,"column":null}},"123":{"start":{"line":438,"column":12},"end":{"line":442,"column":null}},"124":{"start":{"line":441,"column":14},"end":{"line":441,"column":null}},"125":{"start":{"line":447,"column":6},"end":{"line":447,"column":null}},"126":{"start":{"line":450,"column":4},"end":{"line":458,"column":null}},"127":{"start":{"line":451,"column":6},"end":{"line":457,"column":null}},"128":{"start":{"line":452,"column":8},"end":{"line":456,"column":null}},"129":{"start":{"line":453,"column":10},"end":{"line":455,"column":null}},"130":{"start":{"line":454,"column":12},"end":{"line":454,"column":null}},"131":{"start":{"line":460,"column":4},"end":{"line":460,"column":null}},"132":{"start":{"line":463,"column":2},"end":{"line":463,"column":null}},"133":{"start":{"line":468,"column":2},"end":{"line":494,"column":null}},"134":{"start":{"line":470,"column":4},"end":{"line":476,"column":null}},"135":{"start":{"line":471,"column":6},"end":{"line":475,"column":null}},"136":{"start":{"line":479,"column":18},"end":{"line":479,"column":null}},"137":{"start":{"line":481,"column":6},"end":{"line":481,"column":null}},"138":{"start":{"line":484,"column":4},"end":{"line":493,"column":null}},"139":{"start":{"line":488,"column":6},"end":{"line":492,"column":null}},"140":{"start":{"line":497,"column":2},"end":{"line":506,"column":null}},"141":{"start":{"line":498,"column":4},"end":{"line":505,"column":null}},"142":{"start":{"line":499,"column":6},"end":{"line":504,"column":null}},"143":{"start":{"line":500,"column":8},"end":{"line":503,"column":null}},"144":{"start":{"line":508,"column":2},"end":{"line":518,"column":null}},"145":{"start":{"line":509,"column":4},"end":{"line":517,"column":null}},"146":{"start":{"line":510,"column":6},"end":{"line":514,"column":null}},"147":{"start":{"line":511,"column":8},"end":{"line":513,"column":null}},"148":{"start":{"line":512,"column":10},"end":{"line":512,"column":null}},"149":{"start":{"line":515,"column":4},"end":{"line":517,"column":null}},"150":{"start":{"line":516,"column":6},"end":{"line":516,"column":null}},"151":{"start":{"line":532,"column":2},"end":{"line":538,"column":null}},"152":{"start":{"line":534,"column":4},"end":{"line":536,"column":null}},"153":{"start":{"line":535,"column":6},"end":{"line":535,"column":null}},"154":{"start":{"line":537,"column":4},"end":{"line":537,"column":null}},"155":{"start":{"line":540,"column":2},"end":{"line":545,"column":null}},"156":{"start":{"line":541,"column":4},"end":{"line":543,"column":null}},"157":{"start":{"line":547,"column":2},"end":{"line":549,"column":null}},"158":{"start":{"line":548,"column":4},"end":{"line":548,"column":null}},"159":{"start":{"line":551,"column":2},"end":{"line":553,"column":null}},"160":{"start":{"line":552,"column":4},"end":{"line":552,"column":null}},"161":{"start":{"line":555,"column":2},"end":{"line":555,"column":null}},"162":{"start":{"line":575,"column":2},"end":{"line":575,"column":null}},"163":{"start":{"line":575,"column":18},"end":{"line":575,"column":null}},"164":{"start":{"line":577,"column":17},"end":{"line":577,"column":null}},"165":{"start":{"line":579,"column":2},"end":{"line":609,"column":null}},"166":{"start":{"line":581,"column":4},"end":{"line":608,"column":null}},"167":{"start":{"line":582,"column":6},"end":{"line":582,"column":null}},"168":{"start":{"line":585,"column":6},"end":{"line":607,"column":null}},"169":{"start":{"line":591,"column":8},"end":{"line":601,"column":null}},"170":{"start":{"line":592,"column":10},"end":{"line":598,"column":null}},"171":{"start":{"line":600,"column":10},"end":{"line":600,"column":null}},"172":{"start":{"line":602,"column":6},"end":{"line":607,"column":null}},"173":{"start":{"line":604,"column":8},"end":{"line":604,"column":null}},"174":{"start":{"line":606,"column":8},"end":{"line":606,"column":null}},"175":{"start":{"line":611,"column":2},"end":{"line":611,"column":null}},"176":{"start":{"line":624,"column":16},"end":{"line":624,"column":null}},"177":{"start":{"line":625,"column":16},"end":{"line":625,"column":null}},"178":{"start":{"line":628,"column":2},"end":{"line":638,"column":null}},"179":{"start":{"line":628,"column":15},"end":{"line":628,"column":18}},"180":{"start":{"line":629,"column":17},"end":{"line":629,"column":null}},"181":{"start":{"line":630,"column":4},"end":{"line":636,"column":null}},"182":{"start":{"line":635,"column":6},"end":{"line":635,"column":null}},"183":{"start":{"line":637,"column":4},"end":{"line":637,"column":null}},"184":{"start":{"line":641,"column":19},"end":{"line":641,"column":null}},"185":{"start":{"line":642,"column":2},"end":{"line":646,"column":null}},"186":{"start":{"line":643,"column":4},"end":{"line":643,"column":null}},"187":{"start":{"line":645,"column":4},"end":{"line":645,"column":null}},"188":{"start":{"line":658,"column":30},"end":{"line":658,"column":null}},"189":{"start":{"line":659,"column":2},"end":{"line":674,"column":null}},"190":{"start":{"line":661,"column":23},"end":{"line":661,"column":null}},"191":{"start":{"line":662,"column":18},"end":{"line":662,"column":null}},"192":{"start":{"line":663,"column":22},"end":{"line":663,"column":null}},"193":{"start":{"line":665,"column":4},"end":{"line":671,"column":null}},"194":{"start":{"line":666,"column":6},"end":{"line":670,"column":null}},"195":{"start":{"line":667,"column":8},"end":{"line":667,"column":null}},"196":{"start":{"line":669,"column":8},"end":{"line":669,"column":null}},"197":{"start":{"line":673,"column":4},"end":{"line":673,"column":null}},"198":{"start":{"line":677,"column":20},"end":{"line":693,"column":null}},"199":{"start":{"line":680,"column":20},"end":{"line":680,"column":null}},"200":{"start":{"line":681,"column":24},"end":{"line":681,"column":null}},"201":{"start":{"line":683,"column":6},"end":{"line":689,"column":null}},"202":{"start":{"line":684,"column":8},"end":{"line":688,"column":null}},"203":{"start":{"line":685,"column":10},"end":{"line":685,"column":null}},"204":{"start":{"line":687,"column":10},"end":{"line":687,"column":null}},"205":{"start":{"line":691,"column":6},"end":{"line":691,"column":null}},"206":{"start":{"line":695,"column":2},"end":{"line":695,"column":null}},"207":{"start":{"line":706,"column":16},"end":{"line":706,"column":null}},"208":{"start":{"line":707,"column":2},"end":{"line":713,"column":null}},"209":{"start":{"line":708,"column":4},"end":{"line":712,"column":null}},"210":{"start":{"line":716,"column":16},"end":{"line":716,"column":null}},"211":{"start":{"line":717,"column":21},"end":{"line":717,"column":null}},"212":{"start":{"line":718,"column":2},"end":{"line":728,"column":null}},"213":{"start":{"line":719,"column":4},"end":{"line":727,"column":null}},"214":{"start":{"line":720,"column":6},"end":{"line":720,"column":null}},"215":{"start":{"line":722,"column":6},"end":{"line":726,"column":null}},"216":{"start":{"line":729,"column":2},"end":{"line":735,"column":null}},"217":{"start":{"line":730,"column":4},"end":{"line":734,"column":null}},"218":{"start":{"line":739,"column":2},"end":{"line":741,"column":null}},"219":{"start":{"line":740,"column":4},"end":{"line":740,"column":null}},"220":{"start":{"line":743,"column":19},"end":{"line":743,"column":null}},"221":{"start":{"line":746,"column":2},"end":{"line":759,"column":null}},"222":{"start":{"line":747,"column":4},"end":{"line":747,"column":null}},"223":{"start":{"line":749,"column":4},"end":{"line":758,"column":null}},"224":{"start":{"line":752,"column":6},"end":{"line":757,"column":null}},"225":{"start":{"line":753,"column":8},"end":{"line":756,"column":null}},"226":{"start":{"line":761,"column":2},"end":{"line":761,"column":null}},"227":{"start":{"line":768,"column":19},"end":{"line":768,"column":null}},"228":{"start":{"line":771,"column":2},"end":{"line":774,"column":null}},"229":{"start":{"line":772,"column":4},"end":{"line":772,"column":null}},"230":{"start":{"line":773,"column":4},"end":{"line":773,"column":null}},"231":{"start":{"line":777,"column":25},"end":{"line":777,"column":null}},"232":{"start":{"line":780,"column":2},"end":{"line":830,"column":null}},"233":{"start":{"line":781,"column":4},"end":{"line":781,"column":null}},"234":{"start":{"line":782,"column":5},"end":{"line":782,"column":null}},"235":{"start":{"line":783,"column":2},"end":{"line":830,"column":null}},"236":{"start":{"line":786,"column":5},"end":{"line":786,"column":null}},"237":{"start":{"line":787,"column":2},"end":{"line":830,"column":null}},"238":{"start":{"line":788,"column":5},"end":{"line":788,"column":null}},"239":{"start":{"line":789,"column":2},"end":{"line":830,"column":null}},"240":{"start":{"line":790,"column":5},"end":{"line":790,"column":null}},"241":{"start":{"line":791,"column":2},"end":{"line":830,"column":null}},"242":{"start":{"line":794,"column":5},"end":{"line":794,"column":null}},"243":{"start":{"line":795,"column":2},"end":{"line":830,"column":null}},"244":{"start":{"line":798,"column":5},"end":{"line":798,"column":null}},"245":{"start":{"line":799,"column":2},"end":{"line":830,"column":null}},"246":{"start":{"line":800,"column":5},"end":{"line":800,"column":null}},"247":{"start":{"line":801,"column":2},"end":{"line":830,"column":null}},"248":{"start":{"line":802,"column":5},"end":{"line":802,"column":null}},"249":{"start":{"line":803,"column":2},"end":{"line":830,"column":null}},"250":{"start":{"line":809,"column":5},"end":{"line":809,"column":null}},"251":{"start":{"line":810,"column":2},"end":{"line":830,"column":null}},"252":{"start":{"line":818,"column":4},"end":{"line":818,"column":null}},"253":{"start":{"line":819,"column":5},"end":{"line":819,"column":null}},"254":{"start":{"line":820,"column":2},"end":{"line":830,"column":null}},"255":{"start":{"line":823,"column":5},"end":{"line":823,"column":null}},"256":{"start":{"line":824,"column":2},"end":{"line":830,"column":null}},"257":{"start":{"line":825,"column":5},"end":{"line":825,"column":null}},"258":{"start":{"line":826,"column":2},"end":{"line":830,"column":null}},"259":{"start":{"line":829,"column":5},"end":{"line":829,"column":null}},"260":{"start":{"line":832,"column":2},"end":{"line":832,"column":null}}},"fnMap":{"0":{"name":"createFakerInstance","decl":{"start":{"line":17,"column":9},"end":{"line":17,"column":31}},"loc":{"start":{"line":17,"column":31},"end":{"line":19,"column":null}},"line":17},"1":{"name":"getJsf","decl":{"start":{"line":23,"column":9},"end":{"line":23,"column":18}},"loc":{"start":{"line":23,"column":18},"end":{"line":37,"column":null}},"line":23},"2":{"name":"(anonymous_2)","decl":{"start":{"line":25,"column":24},"end":{"line":25,"column":30}},"loc":{"start":{"line":25,"column":30},"end":{"line":25,"column":51}},"line":25},"3":{"name":"schemaPlugin","decl":{"start":{"line":61,"column":16},"end":{"line":61,"column":29}},"loc":{"start":{"line":61,"column":75},"end":{"line":107,"column":null}},"line":61},"4":{"name":"(anonymous_4)","decl":{"start":{"line":69,"column":4},"end":{"line":69,"column":12}},"loc":{"start":{"line":69,"column":60},"end":{"line":105,"column":null}},"line":69},"5":{"name":"generateFromSchema","decl":{"start":{"line":109,"column":16},"end":{"line":109,"column":35}},"loc":{"start":{"line":109,"column":74},"end":{"line":153,"column":null}},"line":109},"6":{"name":"validateSchema","decl":{"start":{"line":164,"column":9},"end":{"line":164,"column":24}},"loc":{"start":{"line":164,"column":63},"end":{"line":301,"column":null}},"line":164},"7":{"name":"(anonymous_7)","decl":{"start":{"line":258,"column":27},"end":{"line":258,"column":28}},"loc":{"start":{"line":258,"column":44},"end":{"line":262,"column":7}},"line":258},"8":{"name":"hasCircularReference","decl":{"start":{"line":313,"column":9},"end":{"line":313,"column":null}},"loc":{"start":{"line":316,"column":11},"end":{"line":354,"column":null}},"line":316},"9":{"name":"calculateNestingDepth","decl":{"start":{"line":363,"column":9},"end":{"line":363,"column":31}},"loc":{"start":{"line":363,"column":71},"end":{"line":394,"column":null}},"line":363},"10":{"name":"checkForDeepNestingWithArrays","decl":{"start":{"line":403,"column":9},"end":{"line":403,"column":null}},"loc":{"start":{"line":406,"column":8},"end":{"line":464,"column":null}},"line":406},"11":{"name":"findArraysInDeepNesting","decl":{"start":{"line":408,"column":11},"end":{"line":408,"column":null}},"loc":{"start":{"line":411,"column":13},"end":{"line":461,"column":null}},"line":411},"12":{"name":"checkArraySizeLimits","decl":{"start":{"line":466,"column":9},"end":{"line":466,"column":30}},"loc":{"start":{"line":466,"column":71},"end":{"line":519,"column":null}},"line":466},"13":{"name":"(anonymous_13)","decl":{"start":{"line":510,"column":27},"end":{"line":510,"column":28}},"loc":{"start":{"line":510,"column":44},"end":{"line":514,"column":7}},"line":510},"14":{"name":"determineArrayCount","decl":{"start":{"line":528,"column":9},"end":{"line":528,"column":null}},"loc":{"start":{"line":531,"column":10},"end":{"line":556,"column":null}},"line":531},"15":{"name":"applyOverrides","decl":{"start":{"line":568,"column":9},"end":{"line":568,"column":null}},"loc":{"start":{"line":574,"column":7},"end":{"line":612,"column":null}},"line":574},"16":{"name":"setNestedProperty","decl":{"start":{"line":614,"column":9},"end":{"line":614,"column":null}},"loc":{"start":{"line":623,"column":8},"end":{"line":647,"column":null}},"line":623},"17":{"name":"processTemplate","decl":{"start":{"line":649,"column":9},"end":{"line":649,"column":null}},"loc":{"start":{"line":656,"column":7},"end":{"line":696,"column":null}},"line":656},"18":{"name":"(anonymous_18)","decl":{"start":{"line":679,"column":4},"end":{"line":679,"column":5}},"loc":{"start":{"line":679,"column":27},"end":{"line":692,"column":null}},"line":679},"19":{"name":"validateFakerMethod","decl":{"start":{"line":704,"column":9},"end":{"line":704,"column":29}},"loc":{"start":{"line":704,"column":56},"end":{"line":736,"column":null}},"line":704},"20":{"name":"enhanceSchemaWithSmartMapping","decl":{"start":{"line":738,"column":9},"end":{"line":738,"column":39}},"loc":{"start":{"line":738,"column":73},"end":{"line":762,"column":null}},"line":738},"21":{"name":"enhanceFieldSchema","decl":{"start":{"line":764,"column":9},"end":{"line":764,"column":null}},"loc":{"start":{"line":767,"column":15},"end":{"line":833,"column":null}},"line":767}},"branchMap":{"0":{"loc":{"start":{"line":24,"column":2},"end":{"line":35,"column":null}},"type":"if","locations":[{"start":{"line":24,"column":2},"end":{"line":35,"column":null}},{"start":{},"end":{}}],"line":24},"1":{"loc":{"start":{"line":71,"column":6},"end":{"line":73,"column":null}},"type":"if","locations":[{"start":{"line":71,"column":6},"end":{"line":73,"column":null}},{"start":{},"end":{}}],"line":71},"2":{"loc":{"start":{"line":71,"column":10},"end":{"line":71,"column":55}},"type":"binary-expr","locations":[{"start":{"line":71,"column":10},"end":{"line":71,"column":36}},{"start":{"line":71,"column":36},"end":{"line":71,"column":55}}],"line":71},"3":{"loc":{"start":{"line":91,"column":8},"end":{"line":96,"column":null}},"type":"if","locations":[{"start":{"line":91,"column":8},"end":{"line":96,"column":null}},{"start":{},"end":{}}],"line":91},"4":{"loc":{"start":{"line":92,"column":10},"end":{"line":93,"column":null}},"type":"binary-expr","locations":[{"start":{"line":92,"column":10},"end":{"line":92,"column":null}},{"start":{"line":93,"column":10},"end":{"line":93,"column":null}}],"line":92},"5":{"loc":{"start":{"line":101,"column":10},"end":{"line":101,"column":null}},"type":"cond-expr","locations":[{"start":{"line":101,"column":35},"end":{"line":101,"column":43}},{"start":{"line":101,"column":43},"end":{"line":101,"column":null}}],"line":101},"6":{"loc":{"start":{"line":118,"column":2},"end":{"line":150,"column":null}},"type":"if","locations":[{"start":{"line":118,"column":2},"end":{"line":150,"column":null}},{"start":{"line":145,"column":9},"end":{"line":150,"column":null}}],"line":118},"7":{"loc":{"start":{"line":118,"column":6},"end":{"line":118,"column":47}},"type":"binary-expr","locations":[{"start":{"line":118,"column":6},"end":{"line":118,"column":33}},{"start":{"line":118,"column":33},"end":{"line":118,"column":47}}],"line":118},"8":{"loc":{"start":{"line":122,"column":4},"end":{"line":124,"column":null}},"type":"if","locations":[{"start":{"line":122,"column":4},"end":{"line":124,"column":null}},{"start":{},"end":{}}],"line":122},"9":{"loc":{"start":{"line":126,"column":23},"end":{"line":128,"column":null}},"type":"cond-expr","locations":[{"start":{"line":127,"column":8},"end":{"line":127,"column":null}},{"start":{"line":128,"column":8},"end":{"line":128,"column":null}}],"line":126},"10":{"loc":{"start":{"line":130,"column":4},"end":{"line":135,"column":null}},"type":"if","locations":[{"start":{"line":130,"column":4},"end":{"line":135,"column":null}},{"start":{},"end":{}}],"line":130},"11":{"loc":{"start":{"line":164,"column":45},"end":{"line":164,"column":63}},"type":"default-arg","locations":[{"start":{"line":164,"column":52},"end":{"line":164,"column":63}}],"line":164},"12":{"loc":{"start":{"line":165,"column":2},"end":{"line":170,"column":null}},"type":"if","locations":[{"start":{"line":165,"column":2},"end":{"line":170,"column":null}},{"start":{},"end":{}}],"line":165},"13":{"loc":{"start":{"line":165,"column":6},"end":{"line":165,"column":45}},"type":"binary-expr","locations":[{"start":{"line":165,"column":6},"end":{"line":165,"column":17}},{"start":{"line":165,"column":17},"end":{"line":165,"column":45}}],"line":165},"14":{"loc":{"start":{"line":172,"column":2},"end":{"line":174,"column":null}},"type":"if","locations":[{"start":{"line":172,"column":2},"end":{"line":174,"column":null}},{"start":{},"end":{}}],"line":172},"15":{"loc":{"start":{"line":177,"column":2},"end":{"line":194,"column":null}},"type":"if","locations":[{"start":{"line":177,"column":2},"end":{"line":194,"column":null}},{"start":{},"end":{}}],"line":177},"16":{"loc":{"start":{"line":178,"column":4},"end":{"line":187,"column":null}},"type":"binary-expr","locations":[{"start":{"line":178,"column":4},"end":{"line":178,"column":null}},{"start":{"line":179,"column":4},"end":{"line":187,"column":null}}],"line":178},"17":{"loc":{"start":{"line":197,"column":2},"end":{"line":237,"column":null}},"type":"if","locations":[{"start":{"line":197,"column":2},"end":{"line":237,"column":null}},{"start":{},"end":{}}],"line":197},"18":{"loc":{"start":{"line":197,"column":6},"end":{"line":197,"column":53}},"type":"binary-expr","locations":[{"start":{"line":197,"column":6},"end":{"line":197,"column":34}},{"start":{"line":197,"column":34},"end":{"line":197,"column":53}}],"line":197},"19":{"loc":{"start":{"line":198,"column":4},"end":{"line":207,"column":null}},"type":"if","locations":[{"start":{"line":198,"column":4},"end":{"line":207,"column":null}},{"start":{},"end":{}}],"line":198},"20":{"loc":{"start":{"line":199,"column":6},"end":{"line":200,"column":null}},"type":"binary-expr","locations":[{"start":{"line":199,"column":6},"end":{"line":199,"column":null}},{"start":{"line":200,"column":6},"end":{"line":200,"column":null}}],"line":199},"21":{"loc":{"start":{"line":211,"column":6},"end":{"line":235,"column":null}},"type":"if","locations":[{"start":{"line":211,"column":6},"end":{"line":235,"column":null}},{"start":{},"end":{}}],"line":211},"22":{"loc":{"start":{"line":211,"column":10},"end":{"line":211,"column":65}},"type":"binary-expr","locations":[{"start":{"line":211,"column":10},"end":{"line":211,"column":44}},{"start":{"line":211,"column":44},"end":{"line":211,"column":65}}],"line":211},"23":{"loc":{"start":{"line":213,"column":8},"end":{"line":230,"column":null}},"type":"if","locations":[{"start":{"line":213,"column":8},"end":{"line":230,"column":null}},{"start":{},"end":{}}],"line":213},"24":{"loc":{"start":{"line":218,"column":12},"end":{"line":227,"column":null}},"type":"if","locations":[{"start":{"line":218,"column":12},"end":{"line":227,"column":null}},{"start":{},"end":{}}],"line":218},"25":{"loc":{"start":{"line":224,"column":16},"end":{"line":224,"column":null}},"type":"binary-expr","locations":[{"start":{"line":224,"column":16},"end":{"line":224,"column":34}},{"start":{"line":224,"column":34},"end":{"line":224,"column":null}}],"line":224},"26":{"loc":{"start":{"line":240,"column":2},"end":{"line":266,"column":null}},"type":"if","locations":[{"start":{"line":240,"column":2},"end":{"line":266,"column":null}},{"start":{},"end":{}}],"line":240},"27":{"loc":{"start":{"line":242,"column":4},"end":{"line":248,"column":null}},"type":"if","locations":[{"start":{"line":242,"column":4},"end":{"line":248,"column":null}},{"start":{},"end":{}}],"line":242},"28":{"loc":{"start":{"line":242,"column":8},"end":{"line":242,"column":61}},"type":"binary-expr","locations":[{"start":{"line":242,"column":8},"end":{"line":242,"column":33}},{"start":{"line":242,"column":33},"end":{"line":242,"column":61}}],"line":242},"29":{"loc":{"start":{"line":250,"column":4},"end":{"line":265,"column":null}},"type":"if","locations":[{"start":{"line":250,"column":4},"end":{"line":265,"column":null}},{"start":{"line":263,"column":4},"end":{"line":265,"column":null}}],"line":250},"30":{"loc":{"start":{"line":251,"column":6},"end":{"line":257,"column":null}},"type":"if","locations":[{"start":{"line":251,"column":6},"end":{"line":257,"column":null}},{"start":{},"end":{}}],"line":251},"31":{"loc":{"start":{"line":259,"column":8},"end":{"line":261,"column":null}},"type":"if","locations":[{"start":{"line":259,"column":8},"end":{"line":261,"column":null}},{"start":{},"end":{}}],"line":259},"32":{"loc":{"start":{"line":259,"column":12},"end":{"line":259,"column":55}},"type":"binary-expr","locations":[{"start":{"line":259,"column":12},"end":{"line":259,"column":40}},{"start":{"line":259,"column":40},"end":{"line":259,"column":55}}],"line":259},"33":{"loc":{"start":{"line":263,"column":4},"end":{"line":265,"column":null}},"type":"if","locations":[{"start":{"line":263,"column":4},"end":{"line":265,"column":null}},{"start":{},"end":{}}],"line":263},"34":{"loc":{"start":{"line":263,"column":15},"end":{"line":263,"column":74}},"type":"binary-expr","locations":[{"start":{"line":263,"column":15},"end":{"line":263,"column":51}},{"start":{"line":263,"column":51},"end":{"line":263,"column":74}}],"line":263},"35":{"loc":{"start":{"line":269,"column":2},"end":{"line":274,"column":null}},"type":"if","locations":[{"start":{"line":269,"column":2},"end":{"line":274,"column":null}},{"start":{},"end":{}}],"line":269},"36":{"loc":{"start":{"line":278,"column":2},"end":{"line":284,"column":null}},"type":"if","locations":[{"start":{"line":278,"column":2},"end":{"line":284,"column":null}},{"start":{},"end":{}}],"line":278},"37":{"loc":{"start":{"line":287,"column":2},"end":{"line":289,"column":null}},"type":"if","locations":[{"start":{"line":287,"column":2},"end":{"line":289,"column":null}},{"start":{},"end":{}}],"line":287},"38":{"loc":{"start":{"line":295,"column":2},"end":{"line":300,"column":null}},"type":"if","locations":[{"start":{"line":295,"column":2},"end":{"line":300,"column":null}},{"start":{},"end":{}}],"line":295},"39":{"loc":{"start":{"line":315,"column":2},"end":{"line":315,"column":null}},"type":"default-arg","locations":[{"start":{"line":315,"column":16},"end":{"line":315,"column":null}}],"line":315},"40":{"loc":{"start":{"line":318,"column":2},"end":{"line":320,"column":null}},"type":"if","locations":[{"start":{"line":318,"column":2},"end":{"line":320,"column":null}},{"start":{},"end":{}}],"line":318},"41":{"loc":{"start":{"line":322,"column":2},"end":{"line":324,"column":null}},"type":"if","locations":[{"start":{"line":322,"column":2},"end":{"line":324,"column":null}},{"start":{},"end":{}}],"line":322},"42":{"loc":{"start":{"line":329,"column":2},"end":{"line":337,"column":null}},"type":"if","locations":[{"start":{"line":329,"column":2},"end":{"line":337,"column":null}},{"start":{},"end":{}}],"line":329},"43":{"loc":{"start":{"line":329,"column":6},"end":{"line":329,"column":53}},"type":"binary-expr","locations":[{"start":{"line":329,"column":6},"end":{"line":329,"column":34}},{"start":{"line":329,"column":34},"end":{"line":329,"column":53}}],"line":329},"44":{"loc":{"start":{"line":331,"column":6},"end":{"line":335,"column":null}},"type":"if","locations":[{"start":{"line":331,"column":6},"end":{"line":335,"column":null}},{"start":{},"end":{}}],"line":331},"45":{"loc":{"start":{"line":331,"column":10},"end":{"line":331,"column":53}},"type":"binary-expr","locations":[{"start":{"line":331,"column":10},"end":{"line":331,"column":38}},{"start":{"line":331,"column":38},"end":{"line":331,"column":53}}],"line":331},"46":{"loc":{"start":{"line":332,"column":8},"end":{"line":334,"column":null}},"type":"if","locations":[{"start":{"line":332,"column":8},"end":{"line":334,"column":null}},{"start":{},"end":{}}],"line":332},"47":{"loc":{"start":{"line":339,"column":2},"end":{"line":348,"column":null}},"type":"if","locations":[{"start":{"line":339,"column":2},"end":{"line":348,"column":null}},{"start":{},"end":{}}],"line":339},"48":{"loc":{"start":{"line":339,"column":6},"end":{"line":339,"column":47}},"type":"binary-expr","locations":[{"start":{"line":339,"column":6},"end":{"line":339,"column":33}},{"start":{"line":339,"column":33},"end":{"line":339,"column":47}}],"line":339},"49":{"loc":{"start":{"line":340,"column":18},"end":{"line":340,"column":null}},"type":"cond-expr","locations":[{"start":{"line":340,"column":48},"end":{"line":340,"column":63}},{"start":{"line":340,"column":63},"end":{"line":340,"column":null}}],"line":340},"50":{"loc":{"start":{"line":342,"column":6},"end":{"line":346,"column":null}},"type":"if","locations":[{"start":{"line":342,"column":6},"end":{"line":346,"column":null}},{"start":{},"end":{}}],"line":342},"51":{"loc":{"start":{"line":342,"column":10},"end":{"line":342,"column":53}},"type":"binary-expr","locations":[{"start":{"line":342,"column":10},"end":{"line":342,"column":38}},{"start":{"line":342,"column":38},"end":{"line":342,"column":53}}],"line":342},"52":{"loc":{"start":{"line":343,"column":8},"end":{"line":345,"column":null}},"type":"if","locations":[{"start":{"line":343,"column":8},"end":{"line":345,"column":null}},{"start":{},"end":{}}],"line":343},"53":{"loc":{"start":{"line":363,"column":52},"end":{"line":363,"column":71}},"type":"default-arg","locations":[{"start":{"line":363,"column":60},"end":{"line":363,"column":71}}],"line":363},"54":{"loc":{"start":{"line":364,"column":2},"end":{"line":366,"column":null}},"type":"if","locations":[{"start":{"line":364,"column":2},"end":{"line":366,"column":null}},{"start":{},"end":{}}],"line":364},"55":{"loc":{"start":{"line":370,"column":2},"end":{"line":379,"column":null}},"type":"if","locations":[{"start":{"line":370,"column":2},"end":{"line":379,"column":null}},{"start":{},"end":{}}],"line":370},"56":{"loc":{"start":{"line":370,"column":6},"end":{"line":370,"column":53}},"type":"binary-expr","locations":[{"start":{"line":370,"column":6},"end":{"line":370,"column":34}},{"start":{"line":370,"column":34},"end":{"line":370,"column":53}}],"line":370},"57":{"loc":{"start":{"line":372,"column":6},"end":{"line":377,"column":null}},"type":"if","locations":[{"start":{"line":372,"column":6},"end":{"line":377,"column":null}},{"start":{},"end":{}}],"line":372},"58":{"loc":{"start":{"line":372,"column":10},"end":{"line":372,"column":53}},"type":"binary-expr","locations":[{"start":{"line":372,"column":10},"end":{"line":372,"column":38}},{"start":{"line":372,"column":38},"end":{"line":372,"column":53}}],"line":372},"59":{"loc":{"start":{"line":381,"column":2},"end":{"line":391,"column":null}},"type":"if","locations":[{"start":{"line":381,"column":2},"end":{"line":391,"column":null}},{"start":{},"end":{}}],"line":381},"60":{"loc":{"start":{"line":381,"column":6},"end":{"line":381,"column":47}},"type":"binary-expr","locations":[{"start":{"line":381,"column":6},"end":{"line":381,"column":33}},{"start":{"line":381,"column":33},"end":{"line":381,"column":47}}],"line":381},"61":{"loc":{"start":{"line":382,"column":18},"end":{"line":382,"column":null}},"type":"cond-expr","locations":[{"start":{"line":382,"column":48},"end":{"line":382,"column":63}},{"start":{"line":382,"column":63},"end":{"line":382,"column":null}}],"line":382},"62":{"loc":{"start":{"line":384,"column":6},"end":{"line":389,"column":null}},"type":"if","locations":[{"start":{"line":384,"column":6},"end":{"line":389,"column":null}},{"start":{},"end":{}}],"line":384},"63":{"loc":{"start":{"line":384,"column":10},"end":{"line":384,"column":53}},"type":"binary-expr","locations":[{"start":{"line":384,"column":10},"end":{"line":384,"column":38}},{"start":{"line":384,"column":38},"end":{"line":384,"column":53}}],"line":384},"64":{"loc":{"start":{"line":413,"column":20},"end":{"line":415,"column":null}},"type":"cond-expr","locations":[{"start":{"line":414,"column":8},"end":{"line":414,"column":null}},{"start":{"line":415,"column":8},"end":{"line":415,"column":null}}],"line":413},"65":{"loc":{"start":{"line":417,"column":4},"end":{"line":448,"column":null}},"type":"if","locations":[{"start":{"line":417,"column":4},"end":{"line":448,"column":null}},{"start":{},"end":{}}],"line":417},"66":{"loc":{"start":{"line":418,"column":23},"end":{"line":418,"column":null}},"type":"binary-expr","locations":[{"start":{"line":418,"column":23},"end":{"line":418,"column":42}},{"start":{"line":418,"column":42},"end":{"line":418,"column":null}}],"line":418},"67":{"loc":{"start":{"line":420,"column":6},"end":{"line":429,"column":null}},"type":"if","locations":[{"start":{"line":420,"column":6},"end":{"line":429,"column":null}},{"start":{},"end":{}}],"line":420},"68":{"loc":{"start":{"line":421,"column":8},"end":{"line":422,"column":null}},"type":"binary-expr","locations":[{"start":{"line":421,"column":8},"end":{"line":421,"column":null}},{"start":{"line":422,"column":8},"end":{"line":422,"column":null}}],"line":421},"69":{"loc":{"start":{"line":432,"column":6},"end":{"line":445,"column":null}},"type":"if","locations":[{"start":{"line":432,"column":6},"end":{"line":445,"column":null}},{"start":{},"end":{}}],"line":432},"70":{"loc":{"start":{"line":433,"column":22},"end":{"line":435,"column":null}},"type":"cond-expr","locations":[{"start":{"line":434,"column":12},"end":{"line":434,"column":null}},{"start":{"line":435,"column":12},"end":{"line":435,"column":null}}],"line":433},"71":{"loc":{"start":{"line":437,"column":10},"end":{"line":443,"column":null}},"type":"if","locations":[{"start":{"line":437,"column":10},"end":{"line":443,"column":null}},{"start":{},"end":{}}],"line":437},"72":{"loc":{"start":{"line":437,"column":14},"end":{"line":437,"column":57}},"type":"binary-expr","locations":[{"start":{"line":437,"column":14},"end":{"line":437,"column":42}},{"start":{"line":437,"column":42},"end":{"line":437,"column":57}}],"line":437},"73":{"loc":{"start":{"line":438,"column":12},"end":{"line":442,"column":null}},"type":"if","locations":[{"start":{"line":438,"column":12},"end":{"line":442,"column":null}},{"start":{},"end":{}}],"line":438},"74":{"loc":{"start":{"line":450,"column":4},"end":{"line":458,"column":null}},"type":"if","locations":[{"start":{"line":450,"column":4},"end":{"line":458,"column":null}},{"start":{},"end":{}}],"line":450},"75":{"loc":{"start":{"line":450,"column":8},"end":{"line":450,"column":54}},"type":"binary-expr","locations":[{"start":{"line":450,"column":8},"end":{"line":450,"column":35}},{"start":{"line":450,"column":35},"end":{"line":450,"column":54}}],"line":450},"76":{"loc":{"start":{"line":452,"column":8},"end":{"line":456,"column":null}},"type":"if","locations":[{"start":{"line":452,"column":8},"end":{"line":456,"column":null}},{"start":{},"end":{}}],"line":452},"77":{"loc":{"start":{"line":452,"column":12},"end":{"line":452,"column":55}},"type":"binary-expr","locations":[{"start":{"line":452,"column":12},"end":{"line":452,"column":40}},{"start":{"line":452,"column":40},"end":{"line":452,"column":55}}],"line":452},"78":{"loc":{"start":{"line":453,"column":10},"end":{"line":455,"column":null}},"type":"if","locations":[{"start":{"line":453,"column":10},"end":{"line":455,"column":null}},{"start":{},"end":{}}],"line":453},"79":{"loc":{"start":{"line":468,"column":2},"end":{"line":494,"column":null}},"type":"if","locations":[{"start":{"line":468,"column":2},"end":{"line":494,"column":null}},{"start":{},"end":{}}],"line":468},"80":{"loc":{"start":{"line":470,"column":4},"end":{"line":476,"column":null}},"type":"if","locations":[{"start":{"line":470,"column":4},"end":{"line":476,"column":null}},{"start":{},"end":{}}],"line":470},"81":{"loc":{"start":{"line":470,"column":8},"end":{"line":470,"column":61}},"type":"binary-expr","locations":[{"start":{"line":470,"column":8},"end":{"line":470,"column":27}},{"start":{"line":470,"column":27},"end":{"line":470,"column":61}}],"line":470},"82":{"loc":{"start":{"line":481,"column":6},"end":{"line":481,"column":null}},"type":"binary-expr","locations":[{"start":{"line":481,"column":6},"end":{"line":481,"column":25}},{"start":{"line":481,"column":25},"end":{"line":481,"column":44}},{"start":{"line":481,"column":44},"end":{"line":481,"column":null}}],"line":481},"83":{"loc":{"start":{"line":484,"column":4},"end":{"line":493,"column":null}},"type":"if","locations":[{"start":{"line":484,"column":4},"end":{"line":493,"column":null}},{"start":{},"end":{}}],"line":484},"84":{"loc":{"start":{"line":485,"column":6},"end":{"line":486,"column":null}},"type":"binary-expr","locations":[{"start":{"line":485,"column":6},"end":{"line":485,"column":null}},{"start":{"line":486,"column":6},"end":{"line":486,"column":null}}],"line":485},"85":{"loc":{"start":{"line":497,"column":2},"end":{"line":506,"column":null}},"type":"if","locations":[{"start":{"line":497,"column":2},"end":{"line":506,"column":null}},{"start":{},"end":{}}],"line":497},"86":{"loc":{"start":{"line":497,"column":6},"end":{"line":497,"column":53}},"type":"binary-expr","locations":[{"start":{"line":497,"column":6},"end":{"line":497,"column":34}},{"start":{"line":497,"column":34},"end":{"line":497,"column":53}}],"line":497},"87":{"loc":{"start":{"line":499,"column":6},"end":{"line":504,"column":null}},"type":"if","locations":[{"start":{"line":499,"column":6},"end":{"line":504,"column":null}},{"start":{},"end":{}}],"line":499},"88":{"loc":{"start":{"line":499,"column":10},"end":{"line":499,"column":65}},"type":"binary-expr","locations":[{"start":{"line":499,"column":10},"end":{"line":499,"column":44}},{"start":{"line":499,"column":44},"end":{"line":499,"column":65}}],"line":499},"89":{"loc":{"start":{"line":508,"column":2},"end":{"line":518,"column":null}},"type":"if","locations":[{"start":{"line":508,"column":2},"end":{"line":518,"column":null}},{"start":{},"end":{}}],"line":508},"90":{"loc":{"start":{"line":508,"column":6},"end":{"line":508,"column":47}},"type":"binary-expr","locations":[{"start":{"line":508,"column":6},"end":{"line":508,"column":33}},{"start":{"line":508,"column":33},"end":{"line":508,"column":47}}],"line":508},"91":{"loc":{"start":{"line":509,"column":4},"end":{"line":517,"column":null}},"type":"if","locations":[{"start":{"line":509,"column":4},"end":{"line":517,"column":null}},{"start":{"line":515,"column":4},"end":{"line":517,"column":null}}],"line":509},"92":{"loc":{"start":{"line":511,"column":8},"end":{"line":513,"column":null}},"type":"if","locations":[{"start":{"line":511,"column":8},"end":{"line":513,"column":null}},{"start":{},"end":{}}],"line":511},"93":{"loc":{"start":{"line":511,"column":12},"end":{"line":511,"column":55}},"type":"binary-expr","locations":[{"start":{"line":511,"column":12},"end":{"line":511,"column":40}},{"start":{"line":511,"column":40},"end":{"line":511,"column":55}}],"line":511},"94":{"loc":{"start":{"line":515,"column":4},"end":{"line":517,"column":null}},"type":"if","locations":[{"start":{"line":515,"column":4},"end":{"line":517,"column":null}},{"start":{},"end":{}}],"line":515},"95":{"loc":{"start":{"line":515,"column":15},"end":{"line":515,"column":74}},"type":"binary-expr","locations":[{"start":{"line":515,"column":15},"end":{"line":515,"column":51}},{"start":{"line":515,"column":51},"end":{"line":515,"column":74}}],"line":515},"96":{"loc":{"start":{"line":532,"column":2},"end":{"line":538,"column":null}},"type":"if","locations":[{"start":{"line":532,"column":2},"end":{"line":538,"column":null}},{"start":{},"end":{}}],"line":532},"97":{"loc":{"start":{"line":534,"column":4},"end":{"line":536,"column":null}},"type":"if","locations":[{"start":{"line":534,"column":4},"end":{"line":536,"column":null}},{"start":{},"end":{}}],"line":534},"98":{"loc":{"start":{"line":540,"column":2},"end":{"line":545,"column":null}},"type":"if","locations":[{"start":{"line":540,"column":2},"end":{"line":545,"column":null}},{"start":{},"end":{}}],"line":540},"99":{"loc":{"start":{"line":540,"column":6},"end":{"line":540,"column":70}},"type":"binary-expr","locations":[{"start":{"line":540,"column":6},"end":{"line":540,"column":39}},{"start":{"line":540,"column":39},"end":{"line":540,"column":70}}],"line":540},"100":{"loc":{"start":{"line":547,"column":2},"end":{"line":549,"column":null}},"type":"if","locations":[{"start":{"line":547,"column":2},"end":{"line":549,"column":null}},{"start":{},"end":{}}],"line":547},"101":{"loc":{"start":{"line":551,"column":2},"end":{"line":553,"column":null}},"type":"if","locations":[{"start":{"line":551,"column":2},"end":{"line":553,"column":null}},{"start":{},"end":{}}],"line":551},"102":{"loc":{"start":{"line":575,"column":2},"end":{"line":575,"column":null}},"type":"if","locations":[{"start":{"line":575,"column":2},"end":{"line":575,"column":null}},{"start":{},"end":{}}],"line":575},"103":{"loc":{"start":{"line":581,"column":4},"end":{"line":608,"column":null}},"type":"if","locations":[{"start":{"line":581,"column":4},"end":{"line":608,"column":null}},{"start":{"line":583,"column":11},"end":{"line":608,"column":null}}],"line":581},"104":{"loc":{"start":{"line":585,"column":6},"end":{"line":607,"column":null}},"type":"if","locations":[{"start":{"line":585,"column":6},"end":{"line":607,"column":null}},{"start":{"line":602,"column":6},"end":{"line":607,"column":null}}],"line":585},"105":{"loc":{"start":{"line":586,"column":8},"end":{"line":588,"column":null}},"type":"binary-expr","locations":[{"start":{"line":586,"column":8},"end":{"line":586,"column":null}},{"start":{"line":587,"column":8},"end":{"line":587,"column":null}},{"start":{"line":588,"column":8},"end":{"line":588,"column":null}}],"line":586},"106":{"loc":{"start":{"line":591,"column":8},"end":{"line":601,"column":null}},"type":"if","locations":[{"start":{"line":591,"column":8},"end":{"line":601,"column":null}},{"start":{"line":599,"column":15},"end":{"line":601,"column":null}}],"line":591},"107":{"loc":{"start":{"line":591,"column":12},"end":{"line":591,"column":60}},"type":"binary-expr","locations":[{"start":{"line":591,"column":12},"end":{"line":591,"column":27}},{"start":{"line":591,"column":27},"end":{"line":591,"column":60}}],"line":591},"108":{"loc":{"start":{"line":602,"column":6},"end":{"line":607,"column":null}},"type":"if","locations":[{"start":{"line":602,"column":6},"end":{"line":607,"column":null}},{"start":{"line":605,"column":13},"end":{"line":607,"column":null}}],"line":602},"109":{"loc":{"start":{"line":602,"column":17},"end":{"line":602,"column":68}},"type":"binary-expr","locations":[{"start":{"line":602,"column":17},"end":{"line":602,"column":46}},{"start":{"line":602,"column":46},"end":{"line":602,"column":68}}],"line":602},"110":{"loc":{"start":{"line":630,"column":4},"end":{"line":636,"column":null}},"type":"if","locations":[{"start":{"line":630,"column":4},"end":{"line":636,"column":null}},{"start":{},"end":{}}],"line":630},"111":{"loc":{"start":{"line":631,"column":6},"end":{"line":633,"column":null}},"type":"binary-expr","locations":[{"start":{"line":631,"column":6},"end":{"line":631,"column":null}},{"start":{"line":632,"column":6},"end":{"line":632,"column":null}},{"start":{"line":633,"column":6},"end":{"line":633,"column":null}}],"line":631},"112":{"loc":{"start":{"line":642,"column":2},"end":{"line":646,"column":null}},"type":"if","locations":[{"start":{"line":642,"column":2},"end":{"line":646,"column":null}},{"start":{"line":644,"column":9},"end":{"line":646,"column":null}}],"line":642},"113":{"loc":{"start":{"line":642,"column":6},"end":{"line":642,"column":57}},"type":"binary-expr","locations":[{"start":{"line":642,"column":6},"end":{"line":642,"column":35}},{"start":{"line":642,"column":35},"end":{"line":642,"column":57}}],"line":642},"114":{"loc":{"start":{"line":659,"column":2},"end":{"line":674,"column":null}},"type":"if","locations":[{"start":{"line":659,"column":2},"end":{"line":674,"column":null}},{"start":{},"end":{}}],"line":659},"115":{"loc":{"start":{"line":666,"column":6},"end":{"line":670,"column":null}},"type":"if","locations":[{"start":{"line":666,"column":6},"end":{"line":670,"column":null}},{"start":{"line":668,"column":13},"end":{"line":670,"column":null}}],"line":666},"116":{"loc":{"start":{"line":666,"column":10},"end":{"line":666,"column":48}},"type":"binary-expr","locations":[{"start":{"line":666,"column":10},"end":{"line":666,"column":20}},{"start":{"line":666,"column":20},"end":{"line":666,"column":48}}],"line":666},"117":{"loc":{"start":{"line":673,"column":11},"end":{"line":673,"column":null}},"type":"cond-expr","locations":[{"start":{"line":673,"column":34},"end":{"line":673,"column":43}},{"start":{"line":673,"column":43},"end":{"line":673,"column":null}}],"line":673},"118":{"loc":{"start":{"line":684,"column":8},"end":{"line":688,"column":null}},"type":"if","locations":[{"start":{"line":684,"column":8},"end":{"line":688,"column":null}},{"start":{"line":686,"column":15},"end":{"line":688,"column":null}}],"line":684},"119":{"loc":{"start":{"line":684,"column":12},"end":{"line":684,"column":50}},"type":"binary-expr","locations":[{"start":{"line":684,"column":12},"end":{"line":684,"column":22}},{"start":{"line":684,"column":22},"end":{"line":684,"column":50}}],"line":684},"120":{"loc":{"start":{"line":691,"column":13},"end":{"line":691,"column":null}},"type":"cond-expr","locations":[{"start":{"line":691,"column":36},"end":{"line":691,"column":53}},{"start":{"line":691,"column":53},"end":{"line":691,"column":null}}],"line":691},"121":{"loc":{"start":{"line":707,"column":2},"end":{"line":713,"column":null}},"type":"if","locations":[{"start":{"line":707,"column":2},"end":{"line":713,"column":null}},{"start":{},"end":{}}],"line":707},"122":{"loc":{"start":{"line":719,"column":4},"end":{"line":727,"column":null}},"type":"if","locations":[{"start":{"line":719,"column":4},"end":{"line":727,"column":null}},{"start":{"line":721,"column":11},"end":{"line":727,"column":null}}],"line":719},"123":{"loc":{"start":{"line":719,"column":8},"end":{"line":719,"column":67}},"type":"binary-expr","locations":[{"start":{"line":719,"column":8},"end":{"line":719,"column":19}},{"start":{"line":719,"column":19},"end":{"line":719,"column":50}},{"start":{"line":719,"column":50},"end":{"line":719,"column":67}}],"line":719},"124":{"loc":{"start":{"line":729,"column":2},"end":{"line":735,"column":null}},"type":"if","locations":[{"start":{"line":729,"column":2},"end":{"line":735,"column":null}},{"start":{},"end":{}}],"line":729},"125":{"loc":{"start":{"line":739,"column":2},"end":{"line":741,"column":null}},"type":"if","locations":[{"start":{"line":739,"column":2},"end":{"line":741,"column":null}},{"start":{},"end":{}}],"line":739},"126":{"loc":{"start":{"line":739,"column":6},"end":{"line":739,"column":45}},"type":"binary-expr","locations":[{"start":{"line":739,"column":6},"end":{"line":739,"column":17}},{"start":{"line":739,"column":17},"end":{"line":739,"column":45}}],"line":739},"127":{"loc":{"start":{"line":746,"column":2},"end":{"line":759,"column":null}},"type":"if","locations":[{"start":{"line":746,"column":2},"end":{"line":759,"column":null}},{"start":{},"end":{}}],"line":746},"128":{"loc":{"start":{"line":746,"column":6},"end":{"line":746,"column":57}},"type":"binary-expr","locations":[{"start":{"line":746,"column":6},"end":{"line":746,"column":36}},{"start":{"line":746,"column":36},"end":{"line":746,"column":57}}],"line":746},"129":{"loc":{"start":{"line":752,"column":6},"end":{"line":757,"column":null}},"type":"if","locations":[{"start":{"line":752,"column":6},"end":{"line":757,"column":null}},{"start":{},"end":{}}],"line":752},"130":{"loc":{"start":{"line":752,"column":10},"end":{"line":752,"column":67}},"type":"binary-expr","locations":[{"start":{"line":752,"column":10},"end":{"line":752,"column":45}},{"start":{"line":752,"column":45},"end":{"line":752,"column":67}}],"line":752},"131":{"loc":{"start":{"line":771,"column":2},"end":{"line":774,"column":null}},"type":"if","locations":[{"start":{"line":771,"column":2},"end":{"line":774,"column":null}},{"start":{},"end":{}}],"line":771},"132":{"loc":{"start":{"line":780,"column":2},"end":{"line":830,"column":null}},"type":"if","locations":[{"start":{"line":780,"column":2},"end":{"line":830,"column":null}},{"start":{"line":783,"column":2},"end":{"line":830,"column":null}}],"line":780},"133":{"loc":{"start":{"line":783,"column":2},"end":{"line":830,"column":null}},"type":"if","locations":[{"start":{"line":783,"column":2},"end":{"line":830,"column":null}},{"start":{"line":787,"column":2},"end":{"line":830,"column":null}}],"line":783},"134":{"loc":{"start":{"line":785,"column":11},"end":{"line":785,"column":78}},"type":"binary-expr","locations":[{"start":{"line":785,"column":11},"end":{"line":785,"column":45}},{"start":{"line":785,"column":45},"end":{"line":785,"column":78}}],"line":785},"135":{"loc":{"start":{"line":787,"column":2},"end":{"line":830,"column":null}},"type":"if","locations":[{"start":{"line":787,"column":2},"end":{"line":830,"column":null}},{"start":{"line":789,"column":2},"end":{"line":830,"column":null}}],"line":787},"136":{"loc":{"start":{"line":787,"column":13},"end":{"line":787,"column":78}},"type":"binary-expr","locations":[{"start":{"line":787,"column":13},"end":{"line":787,"column":46}},{"start":{"line":787,"column":46},"end":{"line":787,"column":78}}],"line":787},"137":{"loc":{"start":{"line":789,"column":2},"end":{"line":830,"column":null}},"type":"if","locations":[{"start":{"line":789,"column":2},"end":{"line":830,"column":null}},{"start":{"line":791,"column":2},"end":{"line":830,"column":null}}],"line":789},"138":{"loc":{"start":{"line":789,"column":13},"end":{"line":789,"column":73}},"type":"binary-expr","locations":[{"start":{"line":789,"column":13},"end":{"line":789,"column":42}},{"start":{"line":789,"column":42},"end":{"line":789,"column":73}}],"line":789},"139":{"loc":{"start":{"line":791,"column":2},"end":{"line":830,"column":null}},"type":"if","locations":[{"start":{"line":791,"column":2},"end":{"line":830,"column":null}},{"start":{"line":795,"column":2},"end":{"line":830,"column":null}}],"line":791},"140":{"loc":{"start":{"line":793,"column":11},"end":{"line":793,"column":76}},"type":"binary-expr","locations":[{"start":{"line":793,"column":11},"end":{"line":793,"column":47}},{"start":{"line":793,"column":47},"end":{"line":793,"column":76}}],"line":793},"141":{"loc":{"start":{"line":795,"column":2},"end":{"line":830,"column":null}},"type":"if","locations":[{"start":{"line":795,"column":2},"end":{"line":830,"column":null}},{"start":{"line":799,"column":2},"end":{"line":830,"column":null}}],"line":795},"142":{"loc":{"start":{"line":797,"column":11},"end":{"line":797,"column":72}},"type":"binary-expr","locations":[{"start":{"line":797,"column":11},"end":{"line":797,"column":42}},{"start":{"line":797,"column":42},"end":{"line":797,"column":72}}],"line":797},"143":{"loc":{"start":{"line":799,"column":2},"end":{"line":830,"column":null}},"type":"if","locations":[{"start":{"line":799,"column":2},"end":{"line":830,"column":null}},{"start":{"line":801,"column":2},"end":{"line":830,"column":null}}],"line":799},"144":{"loc":{"start":{"line":801,"column":2},"end":{"line":830,"column":null}},"type":"if","locations":[{"start":{"line":801,"column":2},"end":{"line":830,"column":null}},{"start":{"line":803,"column":2},"end":{"line":830,"column":null}}],"line":801},"145":{"loc":{"start":{"line":801,"column":13},"end":{"line":801,"column":71}},"type":"binary-expr","locations":[{"start":{"line":801,"column":13},"end":{"line":801,"column":45}},{"start":{"line":801,"column":45},"end":{"line":801,"column":71}}],"line":801},"146":{"loc":{"start":{"line":803,"column":2},"end":{"line":830,"column":null}},"type":"if","locations":[{"start":{"line":803,"column":2},"end":{"line":830,"column":null}},{"start":{"line":810,"column":2},"end":{"line":830,"column":null}}],"line":803},"147":{"loc":{"start":{"line":806,"column":4},"end":{"line":807,"column":null}},"type":"binary-expr","locations":[{"start":{"line":806,"column":4},"end":{"line":806,"column":null}},{"start":{"line":807,"column":5},"end":{"line":807,"column":32}},{"start":{"line":807,"column":32},"end":{"line":807,"column":null}}],"line":806},"148":{"loc":{"start":{"line":810,"column":2},"end":{"line":830,"column":null}},"type":"if","locations":[{"start":{"line":810,"column":2},"end":{"line":830,"column":null}},{"start":{"line":820,"column":2},"end":{"line":830,"column":null}}],"line":810},"149":{"loc":{"start":{"line":813,"column":4},"end":{"line":816,"column":null}},"type":"binary-expr","locations":[{"start":{"line":813,"column":4},"end":{"line":813,"column":null}},{"start":{"line":814,"column":4},"end":{"line":814,"column":null}},{"start":{"line":815,"column":4},"end":{"line":815,"column":null}},{"start":{"line":816,"column":4},"end":{"line":816,"column":null}}],"line":813},"150":{"loc":{"start":{"line":820,"column":2},"end":{"line":830,"column":null}},"type":"if","locations":[{"start":{"line":820,"column":2},"end":{"line":830,"column":null}},{"start":{"line":824,"column":2},"end":{"line":830,"column":null}}],"line":820},"151":{"loc":{"start":{"line":824,"column":2},"end":{"line":830,"column":null}},"type":"if","locations":[{"start":{"line":824,"column":2},"end":{"line":830,"column":null}},{"start":{"line":826,"column":2},"end":{"line":830,"column":null}}],"line":824},"152":{"loc":{"start":{"line":824,"column":13},"end":{"line":824,"column":77}},"type":"binary-expr","locations":[{"start":{"line":824,"column":13},"end":{"line":824,"column":46}},{"start":{"line":824,"column":46},"end":{"line":824,"column":77}}],"line":824},"153":{"loc":{"start":{"line":826,"column":2},"end":{"line":830,"column":null}},"type":"if","locations":[{"start":{"line":826,"column":2},"end":{"line":830,"column":null}},{"start":{},"end":{}}],"line":826},"154":{"loc":{"start":{"line":828,"column":11},"end":{"line":828,"column":70}},"type":"binary-expr","locations":[{"start":{"line":828,"column":11},"end":{"line":828,"column":41}},{"start":{"line":828,"column":41},"end":{"line":828,"column":70}}],"line":828}},"s":{"0":33,"1":8,"2":11625,"3":8,"4":8,"5":8,"6":8,"7":11625,"8":8,"9":8,"10":8,"11":8,"12":8,"13":42,"14":42,"15":95,"16":2,"17":93,"18":93,"19":93,"20":2,"21":0,"22":2,"23":3378,"24":3378,"25":3378,"26":62,"27":62,"28":1,"29":61,"30":62,"31":0,"32":61,"33":61,"34":61,"35":8443,"36":8443,"37":8443,"38":3182,"39":3182,"40":3182,"41":3235,"42":11357,"43":6,"44":11351,"45":5,"46":11346,"47":110,"48":11236,"49":3377,"50":3,"51":3374,"52":7769,"53":7769,"54":14,"55":14,"56":3,"57":3,"58":3,"59":0,"60":7766,"61":11208,"62":172,"63":3,"64":169,"65":1,"66":0,"67":1,"68":3,"69":3,"70":168,"71":168,"72":11204,"73":2,"74":11202,"75":11202,"76":2,"77":11200,"78":33,"79":11199,"80":11199,"81":0,"82":20176,"83":0,"84":20176,"85":2,"86":20174,"87":20174,"88":3702,"89":8672,"90":8672,"91":0,"92":20174,"93":298,"94":298,"95":300,"96":300,"97":0,"98":20174,"99":20174,"100":21243,"101":2,"102":21241,"103":21241,"104":3821,"105":9129,"106":9129,"107":21241,"108":615,"109":615,"110":619,"111":619,"112":21241,"113":294,"114":294,"115":294,"116":27,"117":27,"118":1,"119":26,"120":26,"121":26,"122":26,"123":26,"124":12,"125":14,"126":267,"127":158,"128":235,"129":235,"130":28,"131":236,"132":33,"133":20139,"134":295,"135":2,"136":293,"137":293,"138":295,"139":1,"140":20136,"141":3676,"142":8646,"143":8646,"144":20136,"145":292,"146":1,"147":3,"148":3,"149":291,"150":291,"151":62,"152":6,"153":0,"154":6,"155":56,"156":53,"157":3,"158":1,"159":2,"160":1,"161":1,"162":11617,"163":11582,"164":35,"165":35,"166":75,"167":9,"168":66,"169":0,"170":0,"171":0,"172":66,"173":57,"174":9,"175":35,"176":9,"177":9,"178":9,"179":9,"180":9,"181":9,"182":0,"183":9,"184":9,"185":9,"186":8,"187":1,"188":65,"189":65,"190":60,"191":60,"192":60,"193":60,"194":132,"195":129,"196":3,"197":57,"198":5,"199":6,"200":6,"201":6,"202":12,"203":12,"204":0,"205":6,"206":5,"207":25,"208":25,"209":0,"210":25,"211":25,"212":25,"213":47,"214":44,"215":3,"216":22,"217":0,"218":11625,"219":0,"220":11625,"221":11625,"222":4303,"223":4303,"224":9873,"225":9873,"226":11625,"227":9873,"228":9873,"229":11,"230":11,"231":9862,"232":9862,"233":452,"234":452,"235":9410,"236":224,"237":9186,"238":214,"239":8972,"240":1320,"241":7652,"242":68,"243":7584,"244":31,"245":7553,"246":31,"247":7522,"248":31,"249":7491,"250":308,"251":7183,"252":172,"253":172,"254":7011,"255":1,"256":7010,"257":1,"258":7009,"259":3,"260":9862},"f":{"0":33,"1":11625,"2":8,"3":42,"4":95,"5":3378,"6":11357,"7":3,"8":20176,"9":21243,"10":33,"11":294,"12":20139,"13":3,"14":62,"15":11617,"16":9,"17":65,"18":6,"19":25,"20":11625,"21":9873},"b":{"0":[8,11617],"1":[2,93],"2":[95,3],"3":[0,2],"4":[2,2],"5":[2,0],"6":[62,3182],"7":[3378,62],"8":[1,61],"9":[1,60],"10":[0,62],"11":[11357],"12":[6,11351],"13":[11357,11354],"14":[5,11346],"15":[110,11236],"16":[11346,11202],"17":[3377,7859],"18":[11236,3386],"19":[3,3374],"20":[3377,3375],"21":[7769,0],"22":[7769,7769],"23":[14,7755],"24":[3,0],"25":[3,0],"26":[172,11036],"27":[3,169],"28":[172,169],"29":[1,168],"30":[0,1],"31":[3,0],"32":[3,3],"33":[168,0],"34":[168,168],"35":[2,11202],"36":[2,11200],"37":[33,11167],"38":[0,11199],"39":[20176],"40":[0,20176],"41":[2,20174],"42":[3702,16472],"43":[20174,3722],"44":[8672,0],"45":[8672,8672],"46":[0,8672],"47":[298,19876],"48":[20174,298],"49":[1,297],"50":[300,0],"51":[300,300],"52":[0,300],"53":[21243],"54":[2,21241],"55":[3821,17420],"56":[21241,3843],"57":[9129,0],"58":[9129,9129],"59":[615,20626],"60":[21241,615],"61":[2,613],"62":[619,0],"63":[619,619],"64":[0,294],"65":[27,267],"66":[27,17],"67":[1,26],"68":[27,10],"69":[26,0],"70":[0,26],"71":[26,0],"72":[26,26],"73":[12,14],"74":[158,109],"75":[267,158],"76":[235,0],"77":[235,235],"78":[28,207],"79":[295,19844],"80":[2,293],"81":[295,166],"82":[293,129,128],"83":[1,294],"84":[295,6],"85":[3676,16460],"86":[20136,3696],"87":[8646,0],"88":[8646,8646],"89":[292,19844],"90":[20136,292],"91":[1,291],"92":[3,0],"93":[3,3],"94":[291,0],"95":[291,291],"96":[6,56],"97":[0,6],"98":[53,3],"99":[56,54],"100":[1,2],"101":[1,1],"102":[11582,35],"103":[9,66],"104":[0,66],"105":[66,1,1],"106":[0,0],"107":[0,0],"108":[57,9],"109":[66,65],"110":[0,9],"111":[9,9,9],"112":[8,1],"113":[9,8],"114":[60,5],"115":[129,3],"116":[132,129],"117":[54,3],"118":[12,0],"119":[12,12],"120":[6,0],"121":[0,25],"122":[44,3],"123":[47,47,47],"124":[0,22],"125":[0,11625],"126":[11625,11625],"127":[4303,7322],"128":[11625,4304],"129":[9873,0],"130":[9873,9873],"131":[11,9862],"132":[452,9410],"133":[224,9186],"134":[9410,9206],"135":[214,8972],"136":[9186,8992],"137":[1320,7652],"138":[8972,7722],"139":[68,7584],"140":[7652,7585],"141":[31,7553],"142":[7584,7553],"143":[31,7522],"144":[31,7491],"145":[7522,7491],"146":[308,7183],"147":[7491,7370,2479],"148":[172,7011],"149":[7183,7043,7033,7021],"150":[1,7010],"151":[1,7009],"152":[7010,7009],"153":[3,7006],"154":[7009,7007]},"meta":{"lastBranch":155,"lastFunction":22,"lastStatement":261,"seen":{"f:17:9:17:31":0,"s:18:2:18:Infinity":0,"s:21:20:21:Infinity":1,"f:23:9:23:18":1,"b:24:2:35:Infinity:undefined:undefined:undefined:undefined":0,"s:24:2:35:Infinity":2,"s:25:4:25:Infinity":3,"f:25:24:25:30":2,"s:25:30:25:51":4,"s:26:4:33:Infinity":5,"s:34:4:34:Infinity":6,"s:36:2:36:Infinity":7,"s:40:23:40:Infinity":8,"s:41:26:41:Infinity":9,"s:42:28:42:Infinity":10,"s:43:31:43:Infinity":11,"s:44:30:44:Infinity":12,"f:61:16:61:29":3,"s:63:2:63:Infinity":13,"s:65:2:106:Infinity":14,"f:69:4:69:12":4,"b:71:6:73:Infinity:undefined:undefined:undefined:undefined":1,"s:71:6:73:Infinity":15,"b:71:10:71:36:71:36:71:55":2,"s:72:8:72:Infinity":16,"s:75:6:104:Infinity":17,"s:76:34:83:Infinity":18,"s:85:8:88:Infinity":19,"b:91:8:96:Infinity:undefined:undefined:undefined:undefined":3,"s:91:8:96:Infinity":20,"b:92:10:92:Infinity:93:10:93:Infinity":4,"s:95:10:95:Infinity":21,"s:99:8:103:Infinity":22,"b:101:35:101:43:101:43:101:Infinity":5,"f:109:16:109:35":5,"s:110:61:110:Infinity":23,"s:113:2:113:Infinity":24,"b:118:2:150:Infinity:145:9:150:Infinity":6,"s:118:2:150:Infinity":25,"b:118:6:118:33:118:33:118:47":7,"s:119:22:119:Infinity":26,"b:122:4:124:Infinity:undefined:undefined:undefined:undefined":8,"s:122:4:124:Infinity":27,"s:123:6:123:Infinity":28,"s:126:23:128:Infinity":29,"b:127:8:127:Infinity:128:8:128:Infinity":9,"b:130:4:135:Infinity:undefined:undefined:undefined:undefined":10,"s:130:4:135:Infinity":30,"s:131:6:134:Infinity":31,"s:137:4:137:Infinity":32,"s:138:4:144:Infinity":33,"s:138:17:138:20":34,"s:139:17:141:Infinity":35,"s:142:6:142:Infinity":36,"s:143:6:143:Infinity":37,"s:147:27:147:Infinity":38,"s:148:4:148:Infinity":39,"s:149:4:149:Infinity":40,"s:152:2:152:Infinity":41,"f:164:9:164:24":6,"b:164:52:164:63":11,"b:165:2:170:Infinity:undefined:undefined:undefined:undefined":12,"s:165:2:170:Infinity":42,"b:165:6:165:17:165:17:165:45":13,"s:166:4:169:Infinity":43,"b:172:2:174:Infinity:undefined:undefined:undefined:undefined":14,"s:172:2:174:Infinity":44,"s:173:4:173:Infinity":45,"b:177:2:194:Infinity:undefined:undefined:undefined:undefined":15,"s:177:2:194:Infinity":46,"b:178:4:178:Infinity:179:4:187:Infinity":16,"s:189:4:193:Infinity":47,"b:197:2:237:Infinity:undefined:undefined:undefined:undefined":17,"s:197:2:237:Infinity":48,"b:197:6:197:34:197:34:197:53":18,"b:198:4:207:Infinity:undefined:undefined:undefined:undefined":19,"s:198:4:207:Infinity":49,"b:199:6:199:Infinity:200:6:200:Infinity":20,"s:202:6:206:Infinity":50,"s:210:4:236:Infinity":51,"b:211:6:235:Infinity:undefined:undefined:undefined:undefined":21,"s:211:6:235:Infinity":52,"b:211:10:211:44:211:44:211:65":22,"b:213:8:230:Infinity:undefined:undefined:undefined:undefined":23,"s:213:8:230:Infinity":53,"s:214:10:229:Infinity":54,"s:215:12:215:Infinity":55,"b:218:12:227:Infinity:undefined:undefined:undefined:undefined":24,"s:218:12:227:Infinity":56,"s:219:30:219:Infinity":57,"s:222:14:226:Infinity":58,"b:224:16:224:34:224:34:224:Infinity":25,"s:228:12:228:Infinity":59,"s:231:8:234:Infinity":60,"b:240:2:266:Infinity:undefined:undefined:undefined:undefined":26,"s:240:2:266:Infinity":61,"b:242:4:248:Infinity:undefined:undefined:undefined:undefined":27,"s:242:4:248:Infinity":62,"b:242:8:242:33:242:33:242:61":28,"s:243:6:247:Infinity":63,"b:250:4:265:Infinity:263:4:265:Infinity":29,"s:250:4:265:Infinity":64,"b:251:6:257:Infinity:undefined:undefined:undefined:undefined":30,"s:251:6:257:Infinity":65,"s:252:8:256:Infinity":66,"s:258:6:262:Infinity":67,"f:258:27:258:28":7,"b:259:8:261:Infinity:undefined:undefined:undefined:undefined":31,"s:259:8:261:Infinity":68,"b:259:12:259:40:259:40:259:55":32,"s:260:10:260:Infinity":69,"b:263:4:265:Infinity:undefined:undefined:undefined:undefined":33,"s:263:4:265:Infinity":70,"b:263:15:263:51:263:51:263:74":34,"s:264:6:264:Infinity":71,"b:269:2:274:Infinity:undefined:undefined:undefined:undefined":35,"s:269:2:274:Infinity":72,"s:270:4:273:Infinity":73,"s:277:16:277:Infinity":74,"b:278:2:284:Infinity:undefined:undefined:undefined:undefined":36,"s:278:2:284:Infinity":75,"s:279:4:283:Infinity":76,"b:287:2:289:Infinity:undefined:undefined:undefined:undefined":37,"s:287:2:289:Infinity":77,"s:288:4:288:Infinity":78,"s:292:2:292:Infinity":79,"b:295:2:300:Infinity:undefined:undefined:undefined:undefined":38,"s:295:2:300:Infinity":80,"s:296:4:299:Infinity":81,"f:313:9:313:Infinity":8,"b:315:16:315:Infinity":39,"b:318:2:320:Infinity:undefined:undefined:undefined:undefined":40,"s:318:2:320:Infinity":82,"s:319:4:319:Infinity":83,"b:322:2:324:Infinity:undefined:undefined:undefined:undefined":41,"s:322:2:324:Infinity":84,"s:323:4:323:Infinity":85,"s:327:2:327:Infinity":86,"b:329:2:337:Infinity:undefined:undefined:undefined:undefined":42,"s:329:2:337:Infinity":87,"b:329:6:329:34:329:34:329:53":43,"s:330:4:336:Infinity":88,"b:331:6:335:Infinity:undefined:undefined:undefined:undefined":44,"s:331:6:335:Infinity":89,"b:331:10:331:38:331:38:331:53":45,"b:332:8:334:Infinity:undefined:undefined:undefined:undefined":46,"s:332:8:334:Infinity":90,"s:333:10:333:Infinity":91,"b:339:2:348:Infinity:undefined:undefined:undefined:undefined":47,"s:339:2:348:Infinity":92,"b:339:6:339:33:339:33:339:47":48,"s:340:18:340:Infinity":93,"b:340:48:340:63:340:63:340:Infinity":49,"s:341:4:347:Infinity":94,"b:342:6:346:Infinity:undefined:undefined:undefined:undefined":50,"s:342:6:346:Infinity":95,"b:342:10:342:38:342:38:342:53":51,"b:343:8:345:Infinity:undefined:undefined:undefined:undefined":52,"s:343:8:345:Infinity":96,"s:344:10:344:Infinity":97,"s:351:2:351:Infinity":98,"s:353:2:353:Infinity":99,"f:363:9:363:31":9,"b:363:60:363:71":53,"b:364:2:366:Infinity:undefined:undefined:undefined:undefined":54,"s:364:2:366:Infinity":100,"s:365:4:365:Infinity":101,"s:368:17:368:Infinity":102,"b:370:2:379:Infinity:undefined:undefined:undefined:undefined":55,"s:370:2:379:Infinity":103,"b:370:6:370:34:370:34:370:53":56,"s:371:4:378:Infinity":104,"b:372:6:377:Infinity:undefined:undefined:undefined:undefined":57,"s:372:6:377:Infinity":105,"b:372:10:372:38:372:38:372:53":58,"s:373:8:376:Infinity":106,"b:381:2:391:Infinity:undefined:undefined:undefined:undefined":59,"s:381:2:391:Infinity":107,"b:381:6:381:33:381:33:381:47":60,"s:382:18:382:Infinity":108,"b:382:48:382:63:382:63:382:Infinity":61,"s:383:4:390:Infinity":109,"b:384:6:389:Infinity:undefined:undefined:undefined:undefined":62,"s:384:6:389:Infinity":110,"b:384:10:384:38:384:38:384:53":63,"s:385:8:388:Infinity":111,"s:393:2:393:Infinity":112,"f:403:9:403:Infinity":10,"f:408:11:408:Infinity":11,"s:412:23:412:Infinity":113,"s:413:20:415:Infinity":114,"b:414:8:414:Infinity:415:8:415:Infinity":64,"b:417:4:448:Infinity:undefined:undefined:undefined:undefined":65,"s:417:4:448:Infinity":115,"s:418:23:418:Infinity":116,"b:418:23:418:42:418:42:418:Infinity":66,"b:420:6:429:Infinity:undefined:undefined:undefined:undefined":67,"s:420:6:429:Infinity":117,"b:421:8:421:Infinity:422:8:422:Infinity":68,"s:424:8:428:Infinity":118,"b:432:6:445:Infinity:undefined:undefined:undefined:undefined":69,"s:432:6:445:Infinity":119,"s:433:22:435:Infinity":120,"b:434:12:434:Infinity:435:12:435:Infinity":70,"s:436:8:444:Infinity":121,"b:437:10:443:Infinity:undefined:undefined:undefined:undefined":71,"s:437:10:443:Infinity":122,"b:437:14:437:42:437:42:437:57":72,"b:438:12:442:Infinity:undefined:undefined:undefined:undefined":73,"s:438:12:442:Infinity":123,"s:441:14:441:Infinity":124,"s:447:6:447:Infinity":125,"b:450:4:458:Infinity:undefined:undefined:undefined:undefined":74,"s:450:4:458:Infinity":126,"b:450:8:450:35:450:35:450:54":75,"s:451:6:457:Infinity":127,"b:452:8:456:Infinity:undefined:undefined:undefined:undefined":76,"s:452:8:456:Infinity":128,"b:452:12:452:40:452:40:452:55":77,"b:453:10:455:Infinity:undefined:undefined:undefined:undefined":78,"s:453:10:455:Infinity":129,"s:454:12:454:Infinity":130,"s:460:4:460:Infinity":131,"s:463:2:463:Infinity":132,"f:466:9:466:30":12,"b:468:2:494:Infinity:undefined:undefined:undefined:undefined":79,"s:468:2:494:Infinity":133,"b:470:4:476:Infinity:undefined:undefined:undefined:undefined":80,"s:470:4:476:Infinity":134,"b:470:8:470:27:470:27:470:61":81,"s:471:6:475:Infinity":135,"s:479:18:479:Infinity":136,"s:481:6:481:Infinity":137,"b:481:6:481:25:481:25:481:44:481:44:481:Infinity":82,"b:484:4:493:Infinity:undefined:undefined:undefined:undefined":83,"s:484:4:493:Infinity":138,"b:485:6:485:Infinity:486:6:486:Infinity":84,"s:488:6:492:Infinity":139,"b:497:2:506:Infinity:undefined:undefined:undefined:undefined":85,"s:497:2:506:Infinity":140,"b:497:6:497:34:497:34:497:53":86,"s:498:4:505:Infinity":141,"b:499:6:504:Infinity:undefined:undefined:undefined:undefined":87,"s:499:6:504:Infinity":142,"b:499:10:499:44:499:44:499:65":88,"s:500:8:503:Infinity":143,"b:508:2:518:Infinity:undefined:undefined:undefined:undefined":89,"s:508:2:518:Infinity":144,"b:508:6:508:33:508:33:508:47":90,"b:509:4:517:Infinity:515:4:517:Infinity":91,"s:509:4:517:Infinity":145,"s:510:6:514:Infinity":146,"f:510:27:510:28":13,"b:511:8:513:Infinity:undefined:undefined:undefined:undefined":92,"s:511:8:513:Infinity":147,"b:511:12:511:40:511:40:511:55":93,"s:512:10:512:Infinity":148,"b:515:4:517:Infinity:undefined:undefined:undefined:undefined":94,"s:515:4:517:Infinity":149,"b:515:15:515:51:515:51:515:74":95,"s:516:6:516:Infinity":150,"f:528:9:528:Infinity":14,"b:532:2:538:Infinity:undefined:undefined:undefined:undefined":96,"s:532:2:538:Infinity":151,"b:534:4:536:Infinity:undefined:undefined:undefined:undefined":97,"s:534:4:536:Infinity":152,"s:535:6:535:Infinity":153,"s:537:4:537:Infinity":154,"b:540:2:545:Infinity:undefined:undefined:undefined:undefined":98,"s:540:2:545:Infinity":155,"b:540:6:540:39:540:39:540:70":99,"s:541:4:543:Infinity":156,"b:547:2:549:Infinity:undefined:undefined:undefined:undefined":100,"s:547:2:549:Infinity":157,"s:548:4:548:Infinity":158,"b:551:2:553:Infinity:undefined:undefined:undefined:undefined":101,"s:551:2:553:Infinity":159,"s:552:4:552:Infinity":160,"s:555:2:555:Infinity":161,"f:568:9:568:Infinity":15,"b:575:2:575:Infinity:undefined:undefined:undefined:undefined":102,"s:575:2:575:Infinity":162,"s:575:18:575:Infinity":163,"s:577:17:577:Infinity":164,"s:579:2:609:Infinity":165,"b:581:4:608:Infinity:583:11:608:Infinity":103,"s:581:4:608:Infinity":166,"s:582:6:582:Infinity":167,"b:585:6:607:Infinity:602:6:607:Infinity":104,"s:585:6:607:Infinity":168,"b:586:8:586:Infinity:587:8:587:Infinity:588:8:588:Infinity":105,"b:591:8:601:Infinity:599:15:601:Infinity":106,"s:591:8:601:Infinity":169,"b:591:12:591:27:591:27:591:60":107,"s:592:10:598:Infinity":170,"s:600:10:600:Infinity":171,"b:602:6:607:Infinity:605:13:607:Infinity":108,"s:602:6:607:Infinity":172,"b:602:17:602:46:602:46:602:68":109,"s:604:8:604:Infinity":173,"s:606:8:606:Infinity":174,"s:611:2:611:Infinity":175,"f:614:9:614:Infinity":16,"s:624:16:624:Infinity":176,"s:625:16:625:Infinity":177,"s:628:2:638:Infinity":178,"s:628:15:628:18":179,"s:629:17:629:Infinity":180,"b:630:4:636:Infinity:undefined:undefined:undefined:undefined":110,"s:630:4:636:Infinity":181,"b:631:6:631:Infinity:632:6:632:Infinity:633:6:633:Infinity":111,"s:635:6:635:Infinity":182,"s:637:4:637:Infinity":183,"s:641:19:641:Infinity":184,"b:642:2:646:Infinity:644:9:646:Infinity":112,"s:642:2:646:Infinity":185,"b:642:6:642:35:642:35:642:57":113,"s:643:4:643:Infinity":186,"s:645:4:645:Infinity":187,"f:649:9:649:Infinity":17,"s:658:30:658:Infinity":188,"b:659:2:674:Infinity:undefined:undefined:undefined:undefined":114,"s:659:2:674:Infinity":189,"s:661:23:661:Infinity":190,"s:662:18:662:Infinity":191,"s:663:22:663:Infinity":192,"s:665:4:671:Infinity":193,"b:666:6:670:Infinity:668:13:670:Infinity":115,"s:666:6:670:Infinity":194,"b:666:10:666:20:666:20:666:48":116,"s:667:8:667:Infinity":195,"s:669:8:669:Infinity":196,"s:673:4:673:Infinity":197,"b:673:34:673:43:673:43:673:Infinity":117,"s:677:20:693:Infinity":198,"f:679:4:679:5":18,"s:680:20:680:Infinity":199,"s:681:24:681:Infinity":200,"s:683:6:689:Infinity":201,"b:684:8:688:Infinity:686:15:688:Infinity":118,"s:684:8:688:Infinity":202,"b:684:12:684:22:684:22:684:50":119,"s:685:10:685:Infinity":203,"s:687:10:687:Infinity":204,"s:691:6:691:Infinity":205,"b:691:36:691:53:691:53:691:Infinity":120,"s:695:2:695:Infinity":206,"f:704:9:704:29":19,"s:706:16:706:Infinity":207,"b:707:2:713:Infinity:undefined:undefined:undefined:undefined":121,"s:707:2:713:Infinity":208,"s:708:4:712:Infinity":209,"s:716:16:716:Infinity":210,"s:717:21:717:Infinity":211,"s:718:2:728:Infinity":212,"b:719:4:727:Infinity:721:11:727:Infinity":122,"s:719:4:727:Infinity":213,"b:719:8:719:19:719:19:719:50:719:50:719:67":123,"s:720:6:720:Infinity":214,"s:722:6:726:Infinity":215,"b:729:2:735:Infinity:undefined:undefined:undefined:undefined":124,"s:729:2:735:Infinity":216,"s:730:4:734:Infinity":217,"f:738:9:738:39":20,"b:739:2:741:Infinity:undefined:undefined:undefined:undefined":125,"s:739:2:741:Infinity":218,"b:739:6:739:17:739:17:739:45":126,"s:740:4:740:Infinity":219,"s:743:19:743:Infinity":220,"b:746:2:759:Infinity:undefined:undefined:undefined:undefined":127,"s:746:2:759:Infinity":221,"b:746:6:746:36:746:36:746:57":128,"s:747:4:747:Infinity":222,"s:749:4:758:Infinity":223,"b:752:6:757:Infinity:undefined:undefined:undefined:undefined":129,"s:752:6:757:Infinity":224,"b:752:10:752:45:752:45:752:67":130,"s:753:8:756:Infinity":225,"s:761:2:761:Infinity":226,"f:764:9:764:Infinity":21,"s:768:19:768:Infinity":227,"b:771:2:774:Infinity:undefined:undefined:undefined:undefined":131,"s:771:2:774:Infinity":228,"s:772:4:772:Infinity":229,"s:773:4:773:Infinity":230,"s:777:25:777:Infinity":231,"b:780:2:830:Infinity:783:2:830:Infinity":132,"s:780:2:830:Infinity":232,"s:781:4:781:Infinity":233,"s:782:5:782:Infinity":234,"b:783:2:830:Infinity:787:2:830:Infinity":133,"s:783:2:830:Infinity":235,"b:785:11:785:45:785:45:785:78":134,"s:786:5:786:Infinity":236,"b:787:2:830:Infinity:789:2:830:Infinity":135,"s:787:2:830:Infinity":237,"b:787:13:787:46:787:46:787:78":136,"s:788:5:788:Infinity":238,"b:789:2:830:Infinity:791:2:830:Infinity":137,"s:789:2:830:Infinity":239,"b:789:13:789:42:789:42:789:73":138,"s:790:5:790:Infinity":240,"b:791:2:830:Infinity:795:2:830:Infinity":139,"s:791:2:830:Infinity":241,"b:793:11:793:47:793:47:793:76":140,"s:794:5:794:Infinity":242,"b:795:2:830:Infinity:799:2:830:Infinity":141,"s:795:2:830:Infinity":243,"b:797:11:797:42:797:42:797:72":142,"s:798:5:798:Infinity":244,"b:799:2:830:Infinity:801:2:830:Infinity":143,"s:799:2:830:Infinity":245,"s:800:5:800:Infinity":246,"b:801:2:830:Infinity:803:2:830:Infinity":144,"s:801:2:830:Infinity":247,"b:801:13:801:45:801:45:801:71":145,"s:802:5:802:Infinity":248,"b:803:2:830:Infinity:810:2:830:Infinity":146,"s:803:2:830:Infinity":249,"b:806:4:806:Infinity:807:5:807:32:807:32:807:Infinity":147,"s:809:5:809:Infinity":250,"b:810:2:830:Infinity:820:2:830:Infinity":148,"s:810:2:830:Infinity":251,"b:813:4:813:Infinity:814:4:814:Infinity:815:4:815:Infinity:816:4:816:Infinity":149,"s:818:4:818:Infinity":252,"s:819:5:819:Infinity":253,"b:820:2:830:Infinity:824:2:830:Infinity":150,"s:820:2:830:Infinity":254,"s:823:5:823:Infinity":255,"b:824:2:830:Infinity:826:2:830:Infinity":151,"s:824:2:830:Infinity":256,"b:824:13:824:46:824:46:824:77":152,"s:825:5:825:Infinity":257,"b:826:2:830:Infinity:undefined:undefined:undefined:undefined":153,"s:826:2:830:Infinity":258,"b:828:11:828:41:828:41:828:70":154,"s:829:5:829:Infinity":259,"s:832:2:832:Infinity":260}}}
}
